{"numFailedTestSuites":92,"numFailedTests":0,"numPassedTestSuites":3,"numPassedTests":15,"numPendingTestSuites":0,"numPendingTests":0,"numRuntimeErrorTestSuites":92,"numTodoTests":0,"numTotalTestSuites":95,"numTotalTests":15,"openHandles":[],"snapshot":{"added":0,"didUpdate":false,"failure":false,"filesAdded":0,"filesRemoved":0,"filesRemovedList":[],"filesUnmatched":0,"filesUpdated":0,"matched":0,"total":0,"unchecked":0,"uncheckedKeysByFile":[],"unmatched":0,"updated":0},"startTime":1761752734886,"success":false,"testResults":[{"assertionResults":[{"ancestorTitles":["VERSATIL Framework Self-Testing","Framework Bootstrap"],"duration":2,"failureDetails":[],"failureMessages":[],"fullName":"VERSATIL Framework Self-Testing Framework Bootstrap should prove framework is testing itself","invocations":1,"location":null,"numPassingAsserts":3,"retryReasons":[],"status":"passed","title":"should prove framework is testing itself"},{"ancestorTitles":["VERSATIL Framework Self-Testing","Framework Bootstrap"],"duration":0,"failureDetails":[],"failureMessages":[],"fullName":"VERSATIL Framework Self-Testing Framework Bootstrap should validate OPERA methodology is active","invocations":1,"location":null,"numPassingAsserts":3,"retryReasons":[],"status":"passed","title":"should validate OPERA methodology is active"},{"ancestorTitles":["VERSATIL Framework Self-Testing","Framework Bootstrap"],"duration":1,"failureDetails":[],"failureMessages":[],"fullName":"VERSATIL Framework Self-Testing Framework Bootstrap should meet Enhanced Maria-QA performance standards","invocations":1,"location":null,"numPassingAsserts":2,"retryReasons":[],"status":"passed","title":"should meet Enhanced Maria-QA performance standards"},{"ancestorTitles":["VERSATIL Framework Self-Testing","Quality Gates Self-Application"],"duration":0,"failureDetails":[],"failureMessages":[],"fullName":"VERSATIL Framework Self-Testing Quality Gates Self-Application should enforce framework quality standards on itself","invocations":1,"location":null,"numPassingAsserts":4,"retryReasons":[],"status":"passed","title":"should enforce framework quality standards on itself"},{"ancestorTitles":["VERSATIL Framework Self-Testing","Quality Gates Self-Application"],"duration":0,"failureDetails":[],"failureMessages":[],"fullName":"VERSATIL Framework Self-Testing Quality Gates Self-Application should validate self-referential architecture","invocations":1,"location":null,"numPassingAsserts":4,"retryReasons":[],"status":"passed","title":"should validate self-referential architecture"},{"ancestorTitles":["VERSATIL Framework Self-Testing","Agent System Validation"],"duration":24,"failureDetails":[],"failureMessages":[],"fullName":"VERSATIL Framework Self-Testing Agent System Validation should validate Enhanced Maria-QA is active","invocations":1,"location":null,"numPassingAsserts":3,"retryReasons":[],"status":"passed","title":"should validate Enhanced Maria-QA is active"},{"ancestorTitles":["VERSATIL Framework Self-Testing","Agent System Validation"],"duration":0,"failureDetails":[],"failureMessages":[],"fullName":"VERSATIL Framework Self-Testing Agent System Validation should validate agent orchestration system","invocations":1,"location":null,"numPassingAsserts":4,"retryReasons":[],"status":"passed","title":"should validate agent orchestration system"}],"endTime":1761752735465,"message":"","name":"/Users/nissimmenashe/VERSATIL SDLC FW/tests/unit/framework-self-test.test.ts","startTime":1761752735014,"status":"passed","summary":""},{"assertionResults":[{"ancestorTitles":["Example Test Suite"],"duration":4,"failureDetails":[],"failureMessages":[],"fullName":"Example Test Suite should demonstrate basic test structure","invocations":1,"location":null,"numPassingAsserts":1,"retryReasons":[],"status":"passed","title":"should demonstrate basic test structure"},{"ancestorTitles":["Example Test Suite"],"duration":0,"failureDetails":[],"failureMessages":[],"fullName":"Example Test Suite should test string operations","invocations":1,"location":null,"numPassingAsserts":1,"retryReasons":[],"status":"passed","title":"should test string operations"},{"ancestorTitles":["Example Test Suite"],"duration":0,"failureDetails":[],"failureMessages":[],"fullName":"Example Test Suite should validate boolean logic","invocations":1,"location":null,"numPassingAsserts":2,"retryReasons":[],"status":"passed","title":"should validate boolean logic"},{"ancestorTitles":["Async Operations"],"duration":0,"failureDetails":[],"failureMessages":[],"fullName":"Async Operations should handle promises","invocations":1,"location":null,"numPassingAsserts":1,"retryReasons":[],"status":"passed","title":"should handle promises"}],"endTime":1761752735494,"message":"","name":"/Users/nissimmenashe/VERSATIL SDLC FW/tests/example.test.ts","startTime":1761752735050,"status":"passed","summary":""},{"assertionResults":[{"ancestorTitles":["Agent Auto-Activation Demo"],"duration":11,"failureDetails":[],"failureMessages":[],"fullName":"Agent Auto-Activation Demo should trigger Maria-QA automatically","invocations":1,"location":null,"numPassingAsserts":1,"retryReasons":[],"status":"passed","title":"should trigger Maria-QA automatically"},{"ancestorTitles":["Agent Auto-Activation Demo"],"duration":0,"failureDetails":[],"failureMessages":[],"fullName":"Agent Auto-Activation Demo should demonstrate auto-activation pattern","invocations":1,"location":null,"numPassingAsserts":1,"retryReasons":[],"status":"passed","title":"should demonstrate auto-activation pattern"},{"ancestorTitles":["Agent Auto-Activation Demo"],"duration":0,"failureDetails":[],"failureMessages":[],"fullName":"Agent Auto-Activation Demo should validate test coverage","invocations":1,"location":null,"numPassingAsserts":1,"retryReasons":[],"status":"passed","title":"should validate test coverage"},{"ancestorTitles":["Agent Auto-Activation Demo"],"duration":0,"failureDetails":[],"failureMessages":[],"fullName":"Agent Auto-Activation Demo should trigger hook execution automatically","invocations":1,"location":null,"numPassingAsserts":1,"retryReasons":[],"status":"passed","title":"should trigger hook execution automatically"}],"endTime":1761752735551,"message":"","name":"/Users/nissimmenashe/VERSATIL SDLC FW/src/example-auto-activation.test.ts","startTime":1761752735020,"status":"passed","summary":""},{"assertionResults":[],"coverage":{},"endTime":1761752736726,"message":"  ● Test suite failed to run\n\n    Jest encountered an unexpected token\n\n    Jest failed to parse a file. This happens e.g. when your code or its dependencies use non-standard JavaScript syntax, or when Jest is not configured to support such syntax.\n\n    Out of the box Jest supports Babel, which will be used to transform your files into valid JS based on your Babel configuration.\n\n    By default \"node_modules\" folder is ignored by transformers.\n\n    Here's what you can do:\n     • If you are trying to use ECMAScript Modules, see https://jestjs.io/docs/ecmascript-modules for how to enable it.\n     • If you are trying to use TypeScript, see https://jestjs.io/docs/getting-started#using-typescript\n     • To have some of your \"node_modules\" files transformed, you can specify a custom \"transformIgnorePatterns\" in your config.\n     • If you need a custom transformation specify a \"transform\" option in your config.\n     • If you simply want to mock your non-JS modules (e.g. binary assets) you can stub them out with the \"moduleNameMapper\" config option.\n\n    You'll find more details and examples of these config options in the docs:\n    https://jestjs.io/docs/configuration\n    For information about custom transformations, see:\n    https://jestjs.io/docs/code-transformation\n\n    Details:\n\n    SyntaxError: /Users/nissimmenashe/VERSATIL SDLC FW/tests/stress/context-overflow.stress.test.ts: Missing semicolon. (23:21)\n\n      21 |\n      22 | describe('Stress Test 1: Context Overflow Resilience', () => {\n    > 23 |   let contextSentinel: ContextSentinel;\n         |                      ^\n      24 |   let budgetManager: ContextBudgetManager;\n      25 |   let statsTracker: ReturnType<typeof getGlobalContextTracker>;\n      26 |\n\n      at constructor (node_modules/.pnpm/@babel+parser@7.28.5/node_modules/@babel/parser/src/parse-error.ts:95:45)\n      at Parser.toParseError [as raise] (node_modules/.pnpm/@babel+parser@7.28.5/node_modules/@babel/parser/src/tokenizer/index.ts:1507:19)\n      at Parser.raise [as semicolon] (node_modules/.pnpm/@babel+parser@7.28.5/node_modules/@babel/parser/src/parser/util.ts:149:10)\n      at Parser.semicolon [as parseVarStatement] (node_modules/.pnpm/@babel+parser@7.28.5/node_modules/@babel/parser/src/parser/statement.ts:1252:10)\n      at Parser.parseVarStatement [as parseStatementContent] (node_modules/.pnpm/@babel+parser@7.28.5/node_modules/@babel/parser/src/parser/statement.ts:612:21)\n      at Parser.parseStatementContent [as parseStatementLike] (node_modules/.pnpm/@babel+parser@7.28.5/node_modules/@babel/parser/src/parser/statement.ts:482:17)\n      at Parser.parseStatementLike [as parseStatementListItem] (node_modules/.pnpm/@babel+parser@7.28.5/node_modules/@babel/parser/src/parser/statement.ts:431:17)\n      at Parser.parseStatementListItem [as parseBlockOrModuleBlockBody] (node_modules/.pnpm/@babel+parser@7.28.5/node_modules/@babel/parser/src/parser/statement.ts:1444:16)\n      at Parser.parseBlockOrModuleBlockBody [as parseBlockBody] (node_modules/.pnpm/@babel+parser@7.28.5/node_modules/@babel/parser/src/parser/statement.ts:1417:10)\n      at Parser.parseBlockBody [as parseBlock] (node_modules/.pnpm/@babel+parser@7.28.5/node_modules/@babel/parser/src/parser/statement.ts:1385:10)\n      at Parser.parseBlock [as parseFunctionBody] (node_modules/.pnpm/@babel+parser@7.28.5/node_modules/@babel/parser/src/parser/expression.ts:2626:24)\n      at Parser.parseFunctionBody [as parseArrowExpression] (node_modules/.pnpm/@babel+parser@7.28.5/node_modules/@babel/parser/src/parser/expression.ts:2563:10)\n      at Parser.parseArrowExpression [as parseParenAndDistinguishExpression] (node_modules/.pnpm/@babel+parser@7.28.5/node_modules/@babel/parser/src/parser/expression.ts:1847:12)\n      at Parser.parseParenAndDistinguishExpression [as parseExprAtom] (node_modules/.pnpm/@babel+parser@7.28.5/node_modules/@babel/parser/src/parser/expression.ts:1170:21)\n      at Parser.parseExprAtom [as parseExprSubscripts] (node_modules/.pnpm/@babel+parser@7.28.5/node_modules/@babel/parser/src/parser/expression.ts:742:23)\n      at Parser.parseExprSubscripts [as parseUpdate] (node_modules/.pnpm/@babel+parser@7.28.5/node_modules/@babel/parser/src/parser/expression.ts:721:21)\n      at Parser.parseUpdate [as parseMaybeUnary] (node_modules/.pnpm/@babel+parser@7.28.5/node_modules/@babel/parser/src/parser/expression.ts:683:23)\n      at Parser.parseMaybeUnary [as parseMaybeUnaryOrPrivate] (node_modules/.pnpm/@babel+parser@7.28.5/node_modules/@babel/parser/src/parser/expression.ts:417:14)\n      at Parser.parseMaybeUnaryOrPrivate [as parseExprOps] (node_modules/.pnpm/@babel+parser@7.28.5/node_modules/@babel/parser/src/parser/expression.ts:429:23)\n      at Parser.parseExprOps [as parseMaybeConditional] (node_modules/.pnpm/@babel+parser@7.28.5/node_modules/@babel/parser/src/parser/expression.ts:384:23)\n      at Parser.parseMaybeConditional [as parseMaybeAssign] (node_modules/.pnpm/@babel+parser@7.28.5/node_modules/@babel/parser/src/parser/expression.ts:301:21)\n      at parseMaybeAssign (node_modules/.pnpm/@babel+parser@7.28.5/node_modules/@babel/parser/src/parser/expression.ts:257:12)\n      at Parser.callback [as allowInAnd] (node_modules/.pnpm/@babel+parser@7.28.5/node_modules/@babel/parser/src/parser/expression.ts:3202:12)\n      at Parser.allowInAnd [as parseMaybeAssignAllowIn] (node_modules/.pnpm/@babel+parser@7.28.5/node_modules/@babel/parser/src/parser/expression.ts:256:17)\n      at Parser.parseMaybeAssignAllowIn [as parseMaybeAssignAllowInOrVoidPattern] (node_modules/.pnpm/@babel+parser@7.28.5/node_modules/@babel/parser/src/parser/expression.ts:3316:17)\n      at Parser.parseMaybeAssignAllowInOrVoidPattern [as parseExprListItem] (node_modules/.pnpm/@babel+parser@7.28.5/node_modules/@babel/parser/src/parser/expression.ts:2798:18)\n      at Parser.parseExprListItem [as parseCallExpressionArguments] (node_modules/.pnpm/@babel+parser@7.28.5/node_modules/@babel/parser/src/parser/expression.ts:1042:14)\n      at Parser.parseCallExpressionArguments [as parseCoverCallAndAsyncArrowHead] (node_modules/.pnpm/@babel+parser@7.28.5/node_modules/@babel/parser/src/parser/expression.ts:922:29)\n      at Parser.parseCoverCallAndAsyncArrowHead [as parseSubscript] (node_modules/.pnpm/@babel+parser@7.28.5/node_modules/@babel/parser/src/parser/expression.ts:804:19)\n      at Parser.parseSubscript [as parseSubscripts] (node_modules/.pnpm/@babel+parser@7.28.5/node_modules/@babel/parser/src/parser/expression.ts:763:19)\n      at Parser.parseSubscripts [as parseExprSubscripts] (node_modules/.pnpm/@babel+parser@7.28.5/node_modules/@babel/parser/src/parser/expression.ts:748:17)\n      at Parser.parseExprSubscripts [as parseUpdate] (node_modules/.pnpm/@babel+parser@7.28.5/node_modules/@babel/parser/src/parser/expression.ts:721:21)\n      at Parser.parseUpdate [as parseMaybeUnary] (node_modules/.pnpm/@babel+parser@7.28.5/node_modules/@babel/parser/src/parser/expression.ts:683:23)\n      at Parser.parseMaybeUnary [as parseMaybeUnaryOrPrivate] (node_modules/.pnpm/@babel+parser@7.28.5/node_modules/@babel/parser/src/parser/expression.ts:417:14)\n      at Parser.parseMaybeUnaryOrPrivate [as parseExprOps] (node_modules/.pnpm/@babel+parser@7.28.5/node_modules/@babel/parser/src/parser/expression.ts:429:23)\n      at Parser.parseExprOps [as parseMaybeConditional] (node_modules/.pnpm/@babel+parser@7.28.5/node_modules/@babel/parser/src/parser/expression.ts:384:23)\n      at Parser.parseMaybeConditional [as parseMaybeAssign] (node_modules/.pnpm/@babel+parser@7.28.5/node_modules/@babel/parser/src/parser/expression.ts:301:21)\n      at Parser.parseMaybeAssign [as parseExpressionBase] (node_modules/.pnpm/@babel+parser@7.28.5/node_modules/@babel/parser/src/parser/expression.ts:226:23)\n      at parseExpressionBase (node_modules/.pnpm/@babel+parser@7.28.5/node_modules/@babel/parser/src/parser/expression.ts:217:39)\n      at Parser.callback [as allowInAnd] (node_modules/.pnpm/@babel+parser@7.28.5/node_modules/@babel/parser/src/parser/expression.ts:3197:16)\n      at Parser.allowInAnd [as parseExpression] (node_modules/.pnpm/@babel+parser@7.28.5/node_modules/@babel/parser/src/parser/expression.ts:217:17)\n      at Parser.parseExpression [as parseStatementContent] (node_modules/.pnpm/@babel+parser@7.28.5/node_modules/@babel/parser/src/parser/statement.ts:688:23)\n      at Parser.parseStatementContent [as parseStatementLike] (node_modules/.pnpm/@babel+parser@7.28.5/node_modules/@babel/parser/src/parser/statement.ts:482:17)\n      at Parser.parseStatementLike [as parseModuleItem] (node_modules/.pnpm/@babel+parser@7.28.5/node_modules/@babel/parser/src/parser/statement.ts:419:17)\n      at Parser.parseModuleItem [as parseBlockOrModuleBlockBody] (node_modules/.pnpm/@babel+parser@7.28.5/node_modules/@babel/parser/src/parser/statement.ts:1443:16)\n      at Parser.parseBlockOrModuleBlockBody [as parseBlockBody] (node_modules/.pnpm/@babel+parser@7.28.5/node_modules/@babel/parser/src/parser/statement.ts:1417:10)\n      at Parser.parseBlockBody [as parseProgram] (node_modules/.pnpm/@babel+parser@7.28.5/node_modules/@babel/parser/src/parser/statement.ts:229:10)\n      at Parser.parseProgram [as parseTopLevel] (node_modules/.pnpm/@babel+parser@7.28.5/node_modules/@babel/parser/src/parser/statement.ts:203:25)\n      at Parser.parseTopLevel [as parse] (node_modules/.pnpm/@babel+parser@7.28.5/node_modules/@babel/parser/src/parser/index.ts:88:25)\n      at parse (node_modules/.pnpm/@babel+parser@7.28.5/node_modules/@babel/parser/src/index.ts:86:38)\n      at parser (node_modules/.pnpm/@babel+core@7.28.5/node_modules/@babel/core/src/parser/index.ts:29:19)\n          at parser.next (<anonymous>)\n      at normalizeFile (node_modules/.pnpm/@babel+core@7.28.5/node_modules/@babel/core/src/transformation/normalize-file.ts:50:24)\n          at normalizeFile.next (<anonymous>)\n      at run (node_modules/.pnpm/@babel+core@7.28.5/node_modules/@babel/core/src/transformation/index.ts:41:36)\n          at run.next (<anonymous>)\n      at transform (node_modules/.pnpm/@babel+core@7.28.5/node_modules/@babel/core/src/transform.ts:29:20)\n          at transform.next (<anonymous>)\n      at evaluateSync (node_modules/.pnpm/gensync@1.0.0-beta.2/node_modules/gensync/index.js:251:28)\n      at sync (node_modules/.pnpm/gensync@1.0.0-beta.2/node_modules/gensync/index.js:89:14)\n      at fn (node_modules/.pnpm/@babel+core@7.28.5/node_modules/@babel/core/src/errors/rewrite-stack-trace.ts:99:14)\n      at transformSync (node_modules/.pnpm/@babel+core@7.28.5/node_modules/@babel/core/src/transform.ts:66:52)\n      at ScriptTransformer.transformSource (node_modules/.pnpm/@jest+transform@29.7.0/node_modules/@jest/transform/build/ScriptTransformer.js:545:31)\n      at ScriptTransformer._transformAndBuildScript (node_modules/.pnpm/@jest+transform@29.7.0/node_modules/@jest/transform/build/ScriptTransformer.js:674:40)\n      at ScriptTransformer.transform (node_modules/.pnpm/@jest+transform@29.7.0/node_modules/@jest/transform/build/ScriptTransformer.js:726:19)\n","name":"/Users/nissimmenashe/VERSATIL SDLC FW/tests/stress/context-overflow.stress.test.ts","startTime":1761752736726,"status":"failed","summary":""},{"assertionResults":[],"coverage":{},"endTime":1761752736726,"message":"  ● Test suite failed to run\n\n    Jest encountered an unexpected token\n\n    Jest failed to parse a file. This happens e.g. when your code or its dependencies use non-standard JavaScript syntax, or when Jest is not configured to support such syntax.\n\n    Out of the box Jest supports Babel, which will be used to transform your files into valid JS based on your Babel configuration.\n\n    By default \"node_modules\" folder is ignored by transformers.\n\n    Here's what you can do:\n     • If you are trying to use ECMAScript Modules, see https://jestjs.io/docs/ecmascript-modules for how to enable it.\n     • If you are trying to use TypeScript, see https://jestjs.io/docs/getting-started#using-typescript\n     • To have some of your \"node_modules\" files transformed, you can specify a custom \"transformIgnorePatterns\" in your config.\n     • If you need a custom transformation specify a \"transform\" option in your config.\n     • If you simply want to mock your non-JS modules (e.g. binary assets) you can stub them out with the \"moduleNameMapper\" config option.\n\n    You'll find more details and examples of these config options in the docs:\n    https://jestjs.io/docs/configuration\n    For information about custom transformations, see:\n    https://jestjs.io/docs/code-transformation\n\n    Details:\n\n    SyntaxError: /Users/nissimmenashe/VERSATIL SDLC FW/tests/server.test.ts: Missing semicolon. (102:9)\n\n      100 |\n      101 | describe('VERSATIL Server', () => {\n    > 102 |   let app: express.Express;\n          |          ^\n      103 |\n      104 |   beforeEach(() => {\n      105 |     app = createServer();\n\n      at constructor (node_modules/.pnpm/@babel+parser@7.28.5/node_modules/@babel/parser/src/parse-error.ts:95:45)\n      at Parser.toParseError [as raise] (node_modules/.pnpm/@babel+parser@7.28.5/node_modules/@babel/parser/src/tokenizer/index.ts:1507:19)\n      at Parser.raise [as semicolon] (node_modules/.pnpm/@babel+parser@7.28.5/node_modules/@babel/parser/src/parser/util.ts:149:10)\n      at Parser.semicolon [as parseVarStatement] (node_modules/.pnpm/@babel+parser@7.28.5/node_modules/@babel/parser/src/parser/statement.ts:1252:10)\n      at Parser.parseVarStatement [as parseStatementContent] (node_modules/.pnpm/@babel+parser@7.28.5/node_modules/@babel/parser/src/parser/statement.ts:612:21)\n      at Parser.parseStatementContent [as parseStatementLike] (node_modules/.pnpm/@babel+parser@7.28.5/node_modules/@babel/parser/src/parser/statement.ts:482:17)\n      at Parser.parseStatementLike [as parseStatementListItem] (node_modules/.pnpm/@babel+parser@7.28.5/node_modules/@babel/parser/src/parser/statement.ts:431:17)\n      at Parser.parseStatementListItem [as parseBlockOrModuleBlockBody] (node_modules/.pnpm/@babel+parser@7.28.5/node_modules/@babel/parser/src/parser/statement.ts:1444:16)\n      at Parser.parseBlockOrModuleBlockBody [as parseBlockBody] (node_modules/.pnpm/@babel+parser@7.28.5/node_modules/@babel/parser/src/parser/statement.ts:1417:10)\n      at Parser.parseBlockBody [as parseBlock] (node_modules/.pnpm/@babel+parser@7.28.5/node_modules/@babel/parser/src/parser/statement.ts:1385:10)\n      at Parser.parseBlock [as parseFunctionBody] (node_modules/.pnpm/@babel+parser@7.28.5/node_modules/@babel/parser/src/parser/expression.ts:2626:24)\n      at Parser.parseFunctionBody [as parseArrowExpression] (node_modules/.pnpm/@babel+parser@7.28.5/node_modules/@babel/parser/src/parser/expression.ts:2563:10)\n      at Parser.parseArrowExpression [as parseParenAndDistinguishExpression] (node_modules/.pnpm/@babel+parser@7.28.5/node_modules/@babel/parser/src/parser/expression.ts:1847:12)\n      at Parser.parseParenAndDistinguishExpression [as parseExprAtom] (node_modules/.pnpm/@babel+parser@7.28.5/node_modules/@babel/parser/src/parser/expression.ts:1170:21)\n      at Parser.parseExprAtom [as parseExprSubscripts] (node_modules/.pnpm/@babel+parser@7.28.5/node_modules/@babel/parser/src/parser/expression.ts:742:23)\n      at Parser.parseExprSubscripts [as parseUpdate] (node_modules/.pnpm/@babel+parser@7.28.5/node_modules/@babel/parser/src/parser/expression.ts:721:21)\n      at Parser.parseUpdate [as parseMaybeUnary] (node_modules/.pnpm/@babel+parser@7.28.5/node_modules/@babel/parser/src/parser/expression.ts:683:23)\n      at Parser.parseMaybeUnary [as parseMaybeUnaryOrPrivate] (node_modules/.pnpm/@babel+parser@7.28.5/node_modules/@babel/parser/src/parser/expression.ts:417:14)\n      at Parser.parseMaybeUnaryOrPrivate [as parseExprOps] (node_modules/.pnpm/@babel+parser@7.28.5/node_modules/@babel/parser/src/parser/expression.ts:429:23)\n      at Parser.parseExprOps [as parseMaybeConditional] (node_modules/.pnpm/@babel+parser@7.28.5/node_modules/@babel/parser/src/parser/expression.ts:384:23)\n      at Parser.parseMaybeConditional [as parseMaybeAssign] (node_modules/.pnpm/@babel+parser@7.28.5/node_modules/@babel/parser/src/parser/expression.ts:301:21)\n      at parseMaybeAssign (node_modules/.pnpm/@babel+parser@7.28.5/node_modules/@babel/parser/src/parser/expression.ts:257:12)\n      at Parser.callback [as allowInAnd] (node_modules/.pnpm/@babel+parser@7.28.5/node_modules/@babel/parser/src/parser/expression.ts:3202:12)\n      at Parser.allowInAnd [as parseMaybeAssignAllowIn] (node_modules/.pnpm/@babel+parser@7.28.5/node_modules/@babel/parser/src/parser/expression.ts:256:17)\n      at Parser.parseMaybeAssignAllowIn [as parseMaybeAssignAllowInOrVoidPattern] (node_modules/.pnpm/@babel+parser@7.28.5/node_modules/@babel/parser/src/parser/expression.ts:3316:17)\n      at Parser.parseMaybeAssignAllowInOrVoidPattern [as parseExprListItem] (node_modules/.pnpm/@babel+parser@7.28.5/node_modules/@babel/parser/src/parser/expression.ts:2798:18)\n      at Parser.parseExprListItem [as parseCallExpressionArguments] (node_modules/.pnpm/@babel+parser@7.28.5/node_modules/@babel/parser/src/parser/expression.ts:1042:14)\n      at Parser.parseCallExpressionArguments [as parseCoverCallAndAsyncArrowHead] (node_modules/.pnpm/@babel+parser@7.28.5/node_modules/@babel/parser/src/parser/expression.ts:922:29)\n      at Parser.parseCoverCallAndAsyncArrowHead [as parseSubscript] (node_modules/.pnpm/@babel+parser@7.28.5/node_modules/@babel/parser/src/parser/expression.ts:804:19)\n      at Parser.parseSubscript [as parseSubscripts] (node_modules/.pnpm/@babel+parser@7.28.5/node_modules/@babel/parser/src/parser/expression.ts:763:19)\n      at Parser.parseSubscripts [as parseExprSubscripts] (node_modules/.pnpm/@babel+parser@7.28.5/node_modules/@babel/parser/src/parser/expression.ts:748:17)\n      at Parser.parseExprSubscripts [as parseUpdate] (node_modules/.pnpm/@babel+parser@7.28.5/node_modules/@babel/parser/src/parser/expression.ts:721:21)\n      at Parser.parseUpdate [as parseMaybeUnary] (node_modules/.pnpm/@babel+parser@7.28.5/node_modules/@babel/parser/src/parser/expression.ts:683:23)\n      at Parser.parseMaybeUnary [as parseMaybeUnaryOrPrivate] (node_modules/.pnpm/@babel+parser@7.28.5/node_modules/@babel/parser/src/parser/expression.ts:417:14)\n      at Parser.parseMaybeUnaryOrPrivate [as parseExprOps] (node_modules/.pnpm/@babel+parser@7.28.5/node_modules/@babel/parser/src/parser/expression.ts:429:23)\n      at Parser.parseExprOps [as parseMaybeConditional] (node_modules/.pnpm/@babel+parser@7.28.5/node_modules/@babel/parser/src/parser/expression.ts:384:23)\n      at Parser.parseMaybeConditional [as parseMaybeAssign] (node_modules/.pnpm/@babel+parser@7.28.5/node_modules/@babel/parser/src/parser/expression.ts:301:21)\n      at Parser.parseMaybeAssign [as parseExpressionBase] (node_modules/.pnpm/@babel+parser@7.28.5/node_modules/@babel/parser/src/parser/expression.ts:226:23)\n      at parseExpressionBase (node_modules/.pnpm/@babel+parser@7.28.5/node_modules/@babel/parser/src/parser/expression.ts:217:39)\n      at Parser.callback [as allowInAnd] (node_modules/.pnpm/@babel+parser@7.28.5/node_modules/@babel/parser/src/parser/expression.ts:3197:16)\n      at Parser.allowInAnd [as parseExpression] (node_modules/.pnpm/@babel+parser@7.28.5/node_modules/@babel/parser/src/parser/expression.ts:217:17)\n      at Parser.parseExpression [as parseStatementContent] (node_modules/.pnpm/@babel+parser@7.28.5/node_modules/@babel/parser/src/parser/statement.ts:688:23)\n      at Parser.parseStatementContent [as parseStatementLike] (node_modules/.pnpm/@babel+parser@7.28.5/node_modules/@babel/parser/src/parser/statement.ts:482:17)\n      at Parser.parseStatementLike [as parseModuleItem] (node_modules/.pnpm/@babel+parser@7.28.5/node_modules/@babel/parser/src/parser/statement.ts:419:17)\n      at Parser.parseModuleItem [as parseBlockOrModuleBlockBody] (node_modules/.pnpm/@babel+parser@7.28.5/node_modules/@babel/parser/src/parser/statement.ts:1443:16)\n      at Parser.parseBlockOrModuleBlockBody [as parseBlockBody] (node_modules/.pnpm/@babel+parser@7.28.5/node_modules/@babel/parser/src/parser/statement.ts:1417:10)\n      at Parser.parseBlockBody [as parseProgram] (node_modules/.pnpm/@babel+parser@7.28.5/node_modules/@babel/parser/src/parser/statement.ts:229:10)\n      at Parser.parseProgram [as parseTopLevel] (node_modules/.pnpm/@babel+parser@7.28.5/node_modules/@babel/parser/src/parser/statement.ts:203:25)\n      at Parser.parseTopLevel [as parse] (node_modules/.pnpm/@babel+parser@7.28.5/node_modules/@babel/parser/src/parser/index.ts:88:25)\n      at parse (node_modules/.pnpm/@babel+parser@7.28.5/node_modules/@babel/parser/src/index.ts:86:38)\n      at parser (node_modules/.pnpm/@babel+core@7.28.5/node_modules/@babel/core/src/parser/index.ts:29:19)\n          at parser.next (<anonymous>)\n      at normalizeFile (node_modules/.pnpm/@babel+core@7.28.5/node_modules/@babel/core/src/transformation/normalize-file.ts:50:24)\n          at normalizeFile.next (<anonymous>)\n      at run (node_modules/.pnpm/@babel+core@7.28.5/node_modules/@babel/core/src/transformation/index.ts:41:36)\n          at run.next (<anonymous>)\n      at transform (node_modules/.pnpm/@babel+core@7.28.5/node_modules/@babel/core/src/transform.ts:29:20)\n          at transform.next (<anonymous>)\n      at evaluateSync (node_modules/.pnpm/gensync@1.0.0-beta.2/node_modules/gensync/index.js:251:28)\n      at sync (node_modules/.pnpm/gensync@1.0.0-beta.2/node_modules/gensync/index.js:89:14)\n      at fn (node_modules/.pnpm/@babel+core@7.28.5/node_modules/@babel/core/src/errors/rewrite-stack-trace.ts:99:14)\n      at transformSync (node_modules/.pnpm/@babel+core@7.28.5/node_modules/@babel/core/src/transform.ts:66:52)\n      at ScriptTransformer.transformSource (node_modules/.pnpm/@jest+transform@29.7.0/node_modules/@jest/transform/build/ScriptTransformer.js:545:31)\n      at ScriptTransformer._transformAndBuildScript (node_modules/.pnpm/@jest+transform@29.7.0/node_modules/@jest/transform/build/ScriptTransformer.js:674:40)\n      at ScriptTransformer.transform (node_modules/.pnpm/@jest+transform@29.7.0/node_modules/@jest/transform/build/ScriptTransformer.js:726:19)\n","name":"/Users/nissimmenashe/VERSATIL SDLC FW/tests/server.test.ts","startTime":1761752736726,"status":"failed","summary":""},{"assertionResults":[],"coverage":{},"endTime":1761752736726,"message":"  ● Test suite failed to run\n\n    SyntaxError: /Users/nissimmenashe/VERSATIL SDLC FW/tests/stress/cache-efficiency.stress.test.ts: Unexpected token, expected \",\" (17:17)\n\n      15 |\n      16 | import { describe, test, expect, beforeEach, afterEach } from '@jest/globals';\n    > 17 | import { Context Sentinel } from '../../src/agents/monitoring/context-sentinel.js';\n         |                  ^\n      18 | import { getGlobalContextTracker } from '../../src/memory/context-stats-tracker.js';\n      19 |\n      20 | describe('Stress Test 5: Cache Efficiency & Invalidation', () => {\n\n      at constructor (node_modules/.pnpm/@babel+parser@7.28.5/node_modules/@babel/parser/src/parse-error.ts:95:45)\n      at Parser.toParseError [as raise] (node_modules/.pnpm/@babel+parser@7.28.5/node_modules/@babel/parser/src/tokenizer/index.ts:1507:19)\n      at Parser.raise [as unexpected] (node_modules/.pnpm/@babel+parser@7.28.5/node_modules/@babel/parser/src/tokenizer/index.ts:1547:16)\n      at Parser.unexpected [as expect] (node_modules/.pnpm/@babel+parser@7.28.5/node_modules/@babel/parser/src/parser/util.ts:157:12)\n      at Parser.expect [as parseNamedImportSpecifiers] (node_modules/.pnpm/@babel+parser@7.28.5/node_modules/@babel/parser/src/parser/statement.ts:3439:14)\n      at Parser.parseNamedImportSpecifiers [as parseImportSpecifiersAndAfter] (node_modules/.pnpm/@babel+parser@7.28.5/node_modules/@babel/parser/src/parser/statement.ts:3179:37)\n      at Parser.parseImportSpecifiersAndAfter [as parseImport] (node_modules/.pnpm/@babel+parser@7.28.5/node_modules/@babel/parser/src/parser/statement.ts:3148:17)\n      at Parser.parseImport [as parseStatementContent] (node_modules/.pnpm/@babel+parser@7.28.5/node_modules/@babel/parser/src/parser/statement.ts:647:25)\n      at Parser.parseStatementContent [as parseStatementLike] (node_modules/.pnpm/@babel+parser@7.28.5/node_modules/@babel/parser/src/parser/statement.ts:482:17)\n      at Parser.parseStatementLike [as parseModuleItem] (node_modules/.pnpm/@babel+parser@7.28.5/node_modules/@babel/parser/src/parser/statement.ts:419:17)\n      at Parser.parseModuleItem [as parseBlockOrModuleBlockBody] (node_modules/.pnpm/@babel+parser@7.28.5/node_modules/@babel/parser/src/parser/statement.ts:1443:16)\n      at Parser.parseBlockOrModuleBlockBody [as parseBlockBody] (node_modules/.pnpm/@babel+parser@7.28.5/node_modules/@babel/parser/src/parser/statement.ts:1417:10)\n      at Parser.parseBlockBody [as parseProgram] (node_modules/.pnpm/@babel+parser@7.28.5/node_modules/@babel/parser/src/parser/statement.ts:229:10)\n      at Parser.parseProgram [as parseTopLevel] (node_modules/.pnpm/@babel+parser@7.28.5/node_modules/@babel/parser/src/parser/statement.ts:203:25)\n      at Parser.parseTopLevel [as parse] (node_modules/.pnpm/@babel+parser@7.28.5/node_modules/@babel/parser/src/parser/index.ts:88:25)\n      at parse (node_modules/.pnpm/@babel+parser@7.28.5/node_modules/@babel/parser/src/index.ts:86:38)\n      at parser (node_modules/.pnpm/@babel+core@7.28.5/node_modules/@babel/core/src/parser/index.ts:29:19)\n          at parser.next (<anonymous>)\n      at normalizeFile (node_modules/.pnpm/@babel+core@7.28.5/node_modules/@babel/core/src/transformation/normalize-file.ts:50:24)\n          at normalizeFile.next (<anonymous>)\n      at run (node_modules/.pnpm/@babel+core@7.28.5/node_modules/@babel/core/src/transformation/index.ts:41:36)\n          at run.next (<anonymous>)\n      at transform (node_modules/.pnpm/@babel+core@7.28.5/node_modules/@babel/core/src/transform.ts:29:20)\n          at transform.next (<anonymous>)\n      at evaluateSync (node_modules/.pnpm/gensync@1.0.0-beta.2/node_modules/gensync/index.js:251:28)\n      at sync (node_modules/.pnpm/gensync@1.0.0-beta.2/node_modules/gensync/index.js:89:14)\n      at fn (node_modules/.pnpm/@babel+core@7.28.5/node_modules/@babel/core/src/errors/rewrite-stack-trace.ts:99:14)\n      at transformSync (node_modules/.pnpm/@babel+core@7.28.5/node_modules/@babel/core/src/transform.ts:66:52)\n      at ScriptTransformer.transformSource (node_modules/.pnpm/@jest+transform@29.7.0/node_modules/@jest/transform/build/ScriptTransformer.js:545:31)\n      at ScriptTransformer._transformAndBuildScript (node_modules/.pnpm/@jest+transform@29.7.0/node_modules/@jest/transform/build/ScriptTransformer.js:674:40)\n      at ScriptTransformer.transform (node_modules/.pnpm/@jest+transform@29.7.0/node_modules/@jest/transform/build/ScriptTransformer.js:726:19)\n","name":"/Users/nissimmenashe/VERSATIL SDLC FW/tests/stress/cache-efficiency.stress.test.ts","startTime":1761752736726,"status":"failed","summary":""},{"assertionResults":[],"coverage":{},"endTime":1761752736726,"message":"  ● Test suite failed to run\n\n    SyntaxError: /Users/nissimmenashe/VERSATIL SDLC FW/tests/e2e/context-validation/user-flow.spec.ts: Unexpected token, expected \",\" (14:28)\n\n      12 |  */\n      13 |\n    > 14 | import { test, expect, type Page } from '@playwright/test';\n         |                             ^\n      15 | import { injectAxe, checkA11y } from 'axe-playwright';\n      16 | import * as fs from 'fs/promises';\n      17 | import * as path from 'path';\n\n      at constructor (node_modules/.pnpm/@babel+parser@7.28.5/node_modules/@babel/parser/src/parse-error.ts:95:45)\n      at Parser.toParseError [as raise] (node_modules/.pnpm/@babel+parser@7.28.5/node_modules/@babel/parser/src/tokenizer/index.ts:1507:19)\n      at Parser.raise [as unexpected] (node_modules/.pnpm/@babel+parser@7.28.5/node_modules/@babel/parser/src/tokenizer/index.ts:1547:16)\n      at Parser.unexpected [as expect] (node_modules/.pnpm/@babel+parser@7.28.5/node_modules/@babel/parser/src/parser/util.ts:157:12)\n      at Parser.expect [as parseNamedImportSpecifiers] (node_modules/.pnpm/@babel+parser@7.28.5/node_modules/@babel/parser/src/parser/statement.ts:3439:14)\n      at Parser.parseNamedImportSpecifiers [as parseImportSpecifiersAndAfter] (node_modules/.pnpm/@babel+parser@7.28.5/node_modules/@babel/parser/src/parser/statement.ts:3179:37)\n      at Parser.parseImportSpecifiersAndAfter [as parseImport] (node_modules/.pnpm/@babel+parser@7.28.5/node_modules/@babel/parser/src/parser/statement.ts:3148:17)\n      at Parser.parseImport [as parseStatementContent] (node_modules/.pnpm/@babel+parser@7.28.5/node_modules/@babel/parser/src/parser/statement.ts:647:25)\n      at Parser.parseStatementContent [as parseStatementLike] (node_modules/.pnpm/@babel+parser@7.28.5/node_modules/@babel/parser/src/parser/statement.ts:482:17)\n      at Parser.parseStatementLike [as parseModuleItem] (node_modules/.pnpm/@babel+parser@7.28.5/node_modules/@babel/parser/src/parser/statement.ts:419:17)\n      at Parser.parseModuleItem [as parseBlockOrModuleBlockBody] (node_modules/.pnpm/@babel+parser@7.28.5/node_modules/@babel/parser/src/parser/statement.ts:1443:16)\n      at Parser.parseBlockOrModuleBlockBody [as parseBlockBody] (node_modules/.pnpm/@babel+parser@7.28.5/node_modules/@babel/parser/src/parser/statement.ts:1417:10)\n      at Parser.parseBlockBody [as parseProgram] (node_modules/.pnpm/@babel+parser@7.28.5/node_modules/@babel/parser/src/parser/statement.ts:229:10)\n      at Parser.parseProgram [as parseTopLevel] (node_modules/.pnpm/@babel+parser@7.28.5/node_modules/@babel/parser/src/parser/statement.ts:203:25)\n      at Parser.parseTopLevel [as parse] (node_modules/.pnpm/@babel+parser@7.28.5/node_modules/@babel/parser/src/parser/index.ts:88:25)\n      at parse (node_modules/.pnpm/@babel+parser@7.28.5/node_modules/@babel/parser/src/index.ts:86:38)\n      at parser (node_modules/.pnpm/@babel+core@7.28.5/node_modules/@babel/core/src/parser/index.ts:29:19)\n          at parser.next (<anonymous>)\n      at normalizeFile (node_modules/.pnpm/@babel+core@7.28.5/node_modules/@babel/core/src/transformation/normalize-file.ts:50:24)\n          at normalizeFile.next (<anonymous>)\n      at run (node_modules/.pnpm/@babel+core@7.28.5/node_modules/@babel/core/src/transformation/index.ts:41:36)\n          at run.next (<anonymous>)\n      at transform (node_modules/.pnpm/@babel+core@7.28.5/node_modules/@babel/core/src/transform.ts:29:20)\n          at transform.next (<anonymous>)\n      at evaluateSync (node_modules/.pnpm/gensync@1.0.0-beta.2/node_modules/gensync/index.js:251:28)\n      at sync (node_modules/.pnpm/gensync@1.0.0-beta.2/node_modules/gensync/index.js:89:14)\n      at fn (node_modules/.pnpm/@babel+core@7.28.5/node_modules/@babel/core/src/errors/rewrite-stack-trace.ts:99:14)\n      at transformSync (node_modules/.pnpm/@babel+core@7.28.5/node_modules/@babel/core/src/transform.ts:66:52)\n      at ScriptTransformer.transformSource (node_modules/.pnpm/@jest+transform@29.7.0/node_modules/@jest/transform/build/ScriptTransformer.js:545:31)\n      at ScriptTransformer._transformAndBuildScript (node_modules/.pnpm/@jest+transform@29.7.0/node_modules/@jest/transform/build/ScriptTransformer.js:674:40)\n      at ScriptTransformer.transform (node_modules/.pnpm/@jest+transform@29.7.0/node_modules/@jest/transform/build/ScriptTransformer.js:726:19)\n","name":"/Users/nissimmenashe/VERSATIL SDLC FW/tests/e2e/context-validation/user-flow.spec.ts","startTime":1761752736726,"status":"failed","summary":""},{"assertionResults":[],"coverage":{},"endTime":1761752736726,"message":"  ● Test suite failed to run\n\n    SyntaxError: /Users/nissimmenashe/VERSATIL SDLC FW/tests/rag-e2e.test.ts: Unexpected token, expected \",\" (15:35)\n\n      13 |\n      14 | import { describe, it, expect, beforeEach, afterEach } from 'vitest';\n    > 15 | import { RAGMigrationService, type PatternData } from '../scripts/migrate-to-public-private.js';\n         |                                    ^\n      16 | import { RAGSeparationVerifier } from '../scripts/verify-rag-separation.js';\n      17 | import { RAGRouter } from '../src/rag/rag-router.js';\n      18 | import { PublicRAGStore } from '../src/rag/public-rag-store.js';\n\n      at constructor (node_modules/.pnpm/@babel+parser@7.28.5/node_modules/@babel/parser/src/parse-error.ts:95:45)\n      at Parser.toParseError [as raise] (node_modules/.pnpm/@babel+parser@7.28.5/node_modules/@babel/parser/src/tokenizer/index.ts:1507:19)\n      at Parser.raise [as unexpected] (node_modules/.pnpm/@babel+parser@7.28.5/node_modules/@babel/parser/src/tokenizer/index.ts:1547:16)\n      at Parser.unexpected [as expect] (node_modules/.pnpm/@babel+parser@7.28.5/node_modules/@babel/parser/src/parser/util.ts:157:12)\n      at Parser.expect [as parseNamedImportSpecifiers] (node_modules/.pnpm/@babel+parser@7.28.5/node_modules/@babel/parser/src/parser/statement.ts:3439:14)\n      at Parser.parseNamedImportSpecifiers [as parseImportSpecifiersAndAfter] (node_modules/.pnpm/@babel+parser@7.28.5/node_modules/@babel/parser/src/parser/statement.ts:3179:37)\n      at Parser.parseImportSpecifiersAndAfter [as parseImport] (node_modules/.pnpm/@babel+parser@7.28.5/node_modules/@babel/parser/src/parser/statement.ts:3148:17)\n      at Parser.parseImport [as parseStatementContent] (node_modules/.pnpm/@babel+parser@7.28.5/node_modules/@babel/parser/src/parser/statement.ts:647:25)\n      at Parser.parseStatementContent [as parseStatementLike] (node_modules/.pnpm/@babel+parser@7.28.5/node_modules/@babel/parser/src/parser/statement.ts:482:17)\n      at Parser.parseStatementLike [as parseModuleItem] (node_modules/.pnpm/@babel+parser@7.28.5/node_modules/@babel/parser/src/parser/statement.ts:419:17)\n      at Parser.parseModuleItem [as parseBlockOrModuleBlockBody] (node_modules/.pnpm/@babel+parser@7.28.5/node_modules/@babel/parser/src/parser/statement.ts:1443:16)\n      at Parser.parseBlockOrModuleBlockBody [as parseBlockBody] (node_modules/.pnpm/@babel+parser@7.28.5/node_modules/@babel/parser/src/parser/statement.ts:1417:10)\n      at Parser.parseBlockBody [as parseProgram] (node_modules/.pnpm/@babel+parser@7.28.5/node_modules/@babel/parser/src/parser/statement.ts:229:10)\n      at Parser.parseProgram [as parseTopLevel] (node_modules/.pnpm/@babel+parser@7.28.5/node_modules/@babel/parser/src/parser/statement.ts:203:25)\n      at Parser.parseTopLevel [as parse] (node_modules/.pnpm/@babel+parser@7.28.5/node_modules/@babel/parser/src/parser/index.ts:88:25)\n      at parse (node_modules/.pnpm/@babel+parser@7.28.5/node_modules/@babel/parser/src/index.ts:86:38)\n      at parser (node_modules/.pnpm/@babel+core@7.28.5/node_modules/@babel/core/src/parser/index.ts:29:19)\n          at parser.next (<anonymous>)\n      at normalizeFile (node_modules/.pnpm/@babel+core@7.28.5/node_modules/@babel/core/src/transformation/normalize-file.ts:50:24)\n          at normalizeFile.next (<anonymous>)\n      at run (node_modules/.pnpm/@babel+core@7.28.5/node_modules/@babel/core/src/transformation/index.ts:41:36)\n          at run.next (<anonymous>)\n      at transform (node_modules/.pnpm/@babel+core@7.28.5/node_modules/@babel/core/src/transform.ts:29:20)\n          at transform.next (<anonymous>)\n      at evaluateSync (node_modules/.pnpm/gensync@1.0.0-beta.2/node_modules/gensync/index.js:251:28)\n      at sync (node_modules/.pnpm/gensync@1.0.0-beta.2/node_modules/gensync/index.js:89:14)\n      at fn (node_modules/.pnpm/@babel+core@7.28.5/node_modules/@babel/core/src/errors/rewrite-stack-trace.ts:99:14)\n      at transformSync (node_modules/.pnpm/@babel+core@7.28.5/node_modules/@babel/core/src/transform.ts:66:52)\n      at ScriptTransformer.transformSource (node_modules/.pnpm/@jest+transform@29.7.0/node_modules/@jest/transform/build/ScriptTransformer.js:545:31)\n      at ScriptTransformer._transformAndBuildScript (node_modules/.pnpm/@jest+transform@29.7.0/node_modules/@jest/transform/build/ScriptTransformer.js:674:40)\n      at ScriptTransformer.transform (node_modules/.pnpm/@jest+transform@29.7.0/node_modules/@jest/transform/build/ScriptTransformer.js:726:19)\n","name":"/Users/nissimmenashe/VERSATIL SDLC FW/tests/rag-e2e.test.ts","startTime":1761752736726,"status":"failed","summary":""},{"assertionResults":[],"coverage":{},"endTime":1761752736726,"message":"  ● Test suite failed to run\n\n    Jest encountered an unexpected token\n\n    Jest failed to parse a file. This happens e.g. when your code or its dependencies use non-standard JavaScript syntax, or when Jest is not configured to support such syntax.\n\n    Out of the box Jest supports Babel, which will be used to transform your files into valid JS based on your Babel configuration.\n\n    By default \"node_modules\" folder is ignored by transformers.\n\n    Here's what you can do:\n     • If you are trying to use ECMAScript Modules, see https://jestjs.io/docs/ecmascript-modules for how to enable it.\n     • If you are trying to use TypeScript, see https://jestjs.io/docs/getting-started#using-typescript\n     • To have some of your \"node_modules\" files transformed, you can specify a custom \"transformIgnorePatterns\" in your config.\n     • If you need a custom transformation specify a \"transform\" option in your config.\n     • If you simply want to mock your non-JS modules (e.g. binary assets) you can stub them out with the \"moduleNameMapper\" config option.\n\n    You'll find more details and examples of these config options in the docs:\n    https://jestjs.io/docs/configuration\n    For information about custom transformations, see:\n    https://jestjs.io/docs/code-transformation\n\n    Details:\n\n    SyntaxError: /Users/nissimmenashe/VERSATIL SDLC FW/tests/stress/multi-agent-isolation.stress.test.ts: Missing semicolon. (23:19)\n\n      21 |\n      22 | describe('Stress Test 3: Multi-Agent Context Isolation', () => {\n    > 23 |   let budgetManager: ContextBudgetManager;\n         |                    ^\n      24 |\n      25 |   const TOTAL_CONTEXT = 200_000;\n      26 |   const MAX_AGENTS = 18; // 8 core + 10 sub-agents\n\n      at constructor (node_modules/.pnpm/@babel+parser@7.28.5/node_modules/@babel/parser/src/parse-error.ts:95:45)\n      at Parser.toParseError [as raise] (node_modules/.pnpm/@babel+parser@7.28.5/node_modules/@babel/parser/src/tokenizer/index.ts:1507:19)\n      at Parser.raise [as semicolon] (node_modules/.pnpm/@babel+parser@7.28.5/node_modules/@babel/parser/src/parser/util.ts:149:10)\n      at Parser.semicolon [as parseVarStatement] (node_modules/.pnpm/@babel+parser@7.28.5/node_modules/@babel/parser/src/parser/statement.ts:1252:10)\n      at Parser.parseVarStatement [as parseStatementContent] (node_modules/.pnpm/@babel+parser@7.28.5/node_modules/@babel/parser/src/parser/statement.ts:612:21)\n      at Parser.parseStatementContent [as parseStatementLike] (node_modules/.pnpm/@babel+parser@7.28.5/node_modules/@babel/parser/src/parser/statement.ts:482:17)\n      at Parser.parseStatementLike [as parseStatementListItem] (node_modules/.pnpm/@babel+parser@7.28.5/node_modules/@babel/parser/src/parser/statement.ts:431:17)\n      at Parser.parseStatementListItem [as parseBlockOrModuleBlockBody] (node_modules/.pnpm/@babel+parser@7.28.5/node_modules/@babel/parser/src/parser/statement.ts:1444:16)\n      at Parser.parseBlockOrModuleBlockBody [as parseBlockBody] (node_modules/.pnpm/@babel+parser@7.28.5/node_modules/@babel/parser/src/parser/statement.ts:1417:10)\n      at Parser.parseBlockBody [as parseBlock] (node_modules/.pnpm/@babel+parser@7.28.5/node_modules/@babel/parser/src/parser/statement.ts:1385:10)\n      at Parser.parseBlock [as parseFunctionBody] (node_modules/.pnpm/@babel+parser@7.28.5/node_modules/@babel/parser/src/parser/expression.ts:2626:24)\n      at Parser.parseFunctionBody [as parseArrowExpression] (node_modules/.pnpm/@babel+parser@7.28.5/node_modules/@babel/parser/src/parser/expression.ts:2563:10)\n      at Parser.parseArrowExpression [as parseParenAndDistinguishExpression] (node_modules/.pnpm/@babel+parser@7.28.5/node_modules/@babel/parser/src/parser/expression.ts:1847:12)\n      at Parser.parseParenAndDistinguishExpression [as parseExprAtom] (node_modules/.pnpm/@babel+parser@7.28.5/node_modules/@babel/parser/src/parser/expression.ts:1170:21)\n      at Parser.parseExprAtom [as parseExprSubscripts] (node_modules/.pnpm/@babel+parser@7.28.5/node_modules/@babel/parser/src/parser/expression.ts:742:23)\n      at Parser.parseExprSubscripts [as parseUpdate] (node_modules/.pnpm/@babel+parser@7.28.5/node_modules/@babel/parser/src/parser/expression.ts:721:21)\n      at Parser.parseUpdate [as parseMaybeUnary] (node_modules/.pnpm/@babel+parser@7.28.5/node_modules/@babel/parser/src/parser/expression.ts:683:23)\n      at Parser.parseMaybeUnary [as parseMaybeUnaryOrPrivate] (node_modules/.pnpm/@babel+parser@7.28.5/node_modules/@babel/parser/src/parser/expression.ts:417:14)\n      at Parser.parseMaybeUnaryOrPrivate [as parseExprOps] (node_modules/.pnpm/@babel+parser@7.28.5/node_modules/@babel/parser/src/parser/expression.ts:429:23)\n      at Parser.parseExprOps [as parseMaybeConditional] (node_modules/.pnpm/@babel+parser@7.28.5/node_modules/@babel/parser/src/parser/expression.ts:384:23)\n      at Parser.parseMaybeConditional [as parseMaybeAssign] (node_modules/.pnpm/@babel+parser@7.28.5/node_modules/@babel/parser/src/parser/expression.ts:301:21)\n      at parseMaybeAssign (node_modules/.pnpm/@babel+parser@7.28.5/node_modules/@babel/parser/src/parser/expression.ts:257:12)\n      at Parser.callback [as allowInAnd] (node_modules/.pnpm/@babel+parser@7.28.5/node_modules/@babel/parser/src/parser/expression.ts:3202:12)\n      at Parser.allowInAnd [as parseMaybeAssignAllowIn] (node_modules/.pnpm/@babel+parser@7.28.5/node_modules/@babel/parser/src/parser/expression.ts:256:17)\n      at Parser.parseMaybeAssignAllowIn [as parseMaybeAssignAllowInOrVoidPattern] (node_modules/.pnpm/@babel+parser@7.28.5/node_modules/@babel/parser/src/parser/expression.ts:3316:17)\n      at Parser.parseMaybeAssignAllowInOrVoidPattern [as parseExprListItem] (node_modules/.pnpm/@babel+parser@7.28.5/node_modules/@babel/parser/src/parser/expression.ts:2798:18)\n      at Parser.parseExprListItem [as parseCallExpressionArguments] (node_modules/.pnpm/@babel+parser@7.28.5/node_modules/@babel/parser/src/parser/expression.ts:1042:14)\n      at Parser.parseCallExpressionArguments [as parseCoverCallAndAsyncArrowHead] (node_modules/.pnpm/@babel+parser@7.28.5/node_modules/@babel/parser/src/parser/expression.ts:922:29)\n      at Parser.parseCoverCallAndAsyncArrowHead [as parseSubscript] (node_modules/.pnpm/@babel+parser@7.28.5/node_modules/@babel/parser/src/parser/expression.ts:804:19)\n      at Parser.parseSubscript [as parseSubscripts] (node_modules/.pnpm/@babel+parser@7.28.5/node_modules/@babel/parser/src/parser/expression.ts:763:19)\n      at Parser.parseSubscripts [as parseExprSubscripts] (node_modules/.pnpm/@babel+parser@7.28.5/node_modules/@babel/parser/src/parser/expression.ts:748:17)\n      at Parser.parseExprSubscripts [as parseUpdate] (node_modules/.pnpm/@babel+parser@7.28.5/node_modules/@babel/parser/src/parser/expression.ts:721:21)\n      at Parser.parseUpdate [as parseMaybeUnary] (node_modules/.pnpm/@babel+parser@7.28.5/node_modules/@babel/parser/src/parser/expression.ts:683:23)\n      at Parser.parseMaybeUnary [as parseMaybeUnaryOrPrivate] (node_modules/.pnpm/@babel+parser@7.28.5/node_modules/@babel/parser/src/parser/expression.ts:417:14)\n      at Parser.parseMaybeUnaryOrPrivate [as parseExprOps] (node_modules/.pnpm/@babel+parser@7.28.5/node_modules/@babel/parser/src/parser/expression.ts:429:23)\n      at Parser.parseExprOps [as parseMaybeConditional] (node_modules/.pnpm/@babel+parser@7.28.5/node_modules/@babel/parser/src/parser/expression.ts:384:23)\n      at Parser.parseMaybeConditional [as parseMaybeAssign] (node_modules/.pnpm/@babel+parser@7.28.5/node_modules/@babel/parser/src/parser/expression.ts:301:21)\n      at Parser.parseMaybeAssign [as parseExpressionBase] (node_modules/.pnpm/@babel+parser@7.28.5/node_modules/@babel/parser/src/parser/expression.ts:226:23)\n      at parseExpressionBase (node_modules/.pnpm/@babel+parser@7.28.5/node_modules/@babel/parser/src/parser/expression.ts:217:39)\n      at Parser.callback [as allowInAnd] (node_modules/.pnpm/@babel+parser@7.28.5/node_modules/@babel/parser/src/parser/expression.ts:3197:16)\n      at Parser.allowInAnd [as parseExpression] (node_modules/.pnpm/@babel+parser@7.28.5/node_modules/@babel/parser/src/parser/expression.ts:217:17)\n      at Parser.parseExpression [as parseStatementContent] (node_modules/.pnpm/@babel+parser@7.28.5/node_modules/@babel/parser/src/parser/statement.ts:688:23)\n      at Parser.parseStatementContent [as parseStatementLike] (node_modules/.pnpm/@babel+parser@7.28.5/node_modules/@babel/parser/src/parser/statement.ts:482:17)\n      at Parser.parseStatementLike [as parseModuleItem] (node_modules/.pnpm/@babel+parser@7.28.5/node_modules/@babel/parser/src/parser/statement.ts:419:17)\n      at Parser.parseModuleItem [as parseBlockOrModuleBlockBody] (node_modules/.pnpm/@babel+parser@7.28.5/node_modules/@babel/parser/src/parser/statement.ts:1443:16)\n      at Parser.parseBlockOrModuleBlockBody [as parseBlockBody] (node_modules/.pnpm/@babel+parser@7.28.5/node_modules/@babel/parser/src/parser/statement.ts:1417:10)\n      at Parser.parseBlockBody [as parseProgram] (node_modules/.pnpm/@babel+parser@7.28.5/node_modules/@babel/parser/src/parser/statement.ts:229:10)\n      at Parser.parseProgram [as parseTopLevel] (node_modules/.pnpm/@babel+parser@7.28.5/node_modules/@babel/parser/src/parser/statement.ts:203:25)\n      at Parser.parseTopLevel [as parse] (node_modules/.pnpm/@babel+parser@7.28.5/node_modules/@babel/parser/src/parser/index.ts:88:25)\n      at parse (node_modules/.pnpm/@babel+parser@7.28.5/node_modules/@babel/parser/src/index.ts:86:38)\n      at parser (node_modules/.pnpm/@babel+core@7.28.5/node_modules/@babel/core/src/parser/index.ts:29:19)\n          at parser.next (<anonymous>)\n      at normalizeFile (node_modules/.pnpm/@babel+core@7.28.5/node_modules/@babel/core/src/transformation/normalize-file.ts:50:24)\n          at normalizeFile.next (<anonymous>)\n      at run (node_modules/.pnpm/@babel+core@7.28.5/node_modules/@babel/core/src/transformation/index.ts:41:36)\n          at run.next (<anonymous>)\n      at transform (node_modules/.pnpm/@babel+core@7.28.5/node_modules/@babel/core/src/transform.ts:29:20)\n          at transform.next (<anonymous>)\n      at evaluateSync (node_modules/.pnpm/gensync@1.0.0-beta.2/node_modules/gensync/index.js:251:28)\n      at sync (node_modules/.pnpm/gensync@1.0.0-beta.2/node_modules/gensync/index.js:89:14)\n      at fn (node_modules/.pnpm/@babel+core@7.28.5/node_modules/@babel/core/src/errors/rewrite-stack-trace.ts:99:14)\n      at transformSync (node_modules/.pnpm/@babel+core@7.28.5/node_modules/@babel/core/src/transform.ts:66:52)\n      at ScriptTransformer.transformSource (node_modules/.pnpm/@jest+transform@29.7.0/node_modules/@jest/transform/build/ScriptTransformer.js:545:31)\n      at ScriptTransformer._transformAndBuildScript (node_modules/.pnpm/@jest+transform@29.7.0/node_modules/@jest/transform/build/ScriptTransformer.js:674:40)\n      at ScriptTransformer.transform (node_modules/.pnpm/@jest+transform@29.7.0/node_modules/@jest/transform/build/ScriptTransformer.js:726:19)\n","name":"/Users/nissimmenashe/VERSATIL SDLC FW/tests/stress/multi-agent-isolation.stress.test.ts","startTime":1761752736726,"status":"failed","summary":""},{"assertionResults":[],"coverage":{},"endTime":1761752736726,"message":"  ● Test suite failed to run\n\n    Jest encountered an unexpected token\n\n    Jest failed to parse a file. This happens e.g. when your code or its dependencies use non-standard JavaScript syntax, or when Jest is not configured to support such syntax.\n\n    Out of the box Jest supports Babel, which will be used to transform your files into valid JS based on your Babel configuration.\n\n    By default \"node_modules\" folder is ignored by transformers.\n\n    Here's what you can do:\n     • If you are trying to use ECMAScript Modules, see https://jestjs.io/docs/ecmascript-modules for how to enable it.\n     • If you are trying to use TypeScript, see https://jestjs.io/docs/getting-started#using-typescript\n     • To have some of your \"node_modules\" files transformed, you can specify a custom \"transformIgnorePatterns\" in your config.\n     • If you need a custom transformation specify a \"transform\" option in your config.\n     • If you simply want to mock your non-JS modules (e.g. binary assets) you can stub them out with the \"moduleNameMapper\" config option.\n\n    You'll find more details and examples of these config options in the docs:\n    https://jestjs.io/docs/configuration\n    For information about custom transformations, see:\n    https://jestjs.io/docs/code-transformation\n\n    Details:\n\n    SyntaxError: /Users/nissimmenashe/VERSATIL SDLC FW/tests/stress/memory-throughput.stress.test.ts: Missing semicolon. (22:18)\n\n      20 |\n      21 | describe('Stress Test 4: Memory Operation Throughput', () => {\n    > 22 |   let statsTracker: ReturnType<typeof getGlobalContextTracker>;\n         |                   ^\n      23 |\n      24 |   beforeEach(async () => {\n      25 |     statsTracker = getGlobalContextTracker();\n\n      at constructor (node_modules/.pnpm/@babel+parser@7.28.5/node_modules/@babel/parser/src/parse-error.ts:95:45)\n      at Parser.toParseError [as raise] (node_modules/.pnpm/@babel+parser@7.28.5/node_modules/@babel/parser/src/tokenizer/index.ts:1507:19)\n      at Parser.raise [as semicolon] (node_modules/.pnpm/@babel+parser@7.28.5/node_modules/@babel/parser/src/parser/util.ts:149:10)\n      at Parser.semicolon [as parseVarStatement] (node_modules/.pnpm/@babel+parser@7.28.5/node_modules/@babel/parser/src/parser/statement.ts:1252:10)\n      at Parser.parseVarStatement [as parseStatementContent] (node_modules/.pnpm/@babel+parser@7.28.5/node_modules/@babel/parser/src/parser/statement.ts:612:21)\n      at Parser.parseStatementContent [as parseStatementLike] (node_modules/.pnpm/@babel+parser@7.28.5/node_modules/@babel/parser/src/parser/statement.ts:482:17)\n      at Parser.parseStatementLike [as parseStatementListItem] (node_modules/.pnpm/@babel+parser@7.28.5/node_modules/@babel/parser/src/parser/statement.ts:431:17)\n      at Parser.parseStatementListItem [as parseBlockOrModuleBlockBody] (node_modules/.pnpm/@babel+parser@7.28.5/node_modules/@babel/parser/src/parser/statement.ts:1444:16)\n      at Parser.parseBlockOrModuleBlockBody [as parseBlockBody] (node_modules/.pnpm/@babel+parser@7.28.5/node_modules/@babel/parser/src/parser/statement.ts:1417:10)\n      at Parser.parseBlockBody [as parseBlock] (node_modules/.pnpm/@babel+parser@7.28.5/node_modules/@babel/parser/src/parser/statement.ts:1385:10)\n      at Parser.parseBlock [as parseFunctionBody] (node_modules/.pnpm/@babel+parser@7.28.5/node_modules/@babel/parser/src/parser/expression.ts:2626:24)\n      at Parser.parseFunctionBody [as parseArrowExpression] (node_modules/.pnpm/@babel+parser@7.28.5/node_modules/@babel/parser/src/parser/expression.ts:2563:10)\n      at Parser.parseArrowExpression [as parseParenAndDistinguishExpression] (node_modules/.pnpm/@babel+parser@7.28.5/node_modules/@babel/parser/src/parser/expression.ts:1847:12)\n      at Parser.parseParenAndDistinguishExpression [as parseExprAtom] (node_modules/.pnpm/@babel+parser@7.28.5/node_modules/@babel/parser/src/parser/expression.ts:1170:21)\n      at Parser.parseExprAtom [as parseExprSubscripts] (node_modules/.pnpm/@babel+parser@7.28.5/node_modules/@babel/parser/src/parser/expression.ts:742:23)\n      at Parser.parseExprSubscripts [as parseUpdate] (node_modules/.pnpm/@babel+parser@7.28.5/node_modules/@babel/parser/src/parser/expression.ts:721:21)\n      at Parser.parseUpdate [as parseMaybeUnary] (node_modules/.pnpm/@babel+parser@7.28.5/node_modules/@babel/parser/src/parser/expression.ts:683:23)\n      at Parser.parseMaybeUnary [as parseMaybeUnaryOrPrivate] (node_modules/.pnpm/@babel+parser@7.28.5/node_modules/@babel/parser/src/parser/expression.ts:417:14)\n      at Parser.parseMaybeUnaryOrPrivate [as parseExprOps] (node_modules/.pnpm/@babel+parser@7.28.5/node_modules/@babel/parser/src/parser/expression.ts:429:23)\n      at Parser.parseExprOps [as parseMaybeConditional] (node_modules/.pnpm/@babel+parser@7.28.5/node_modules/@babel/parser/src/parser/expression.ts:384:23)\n      at Parser.parseMaybeConditional [as parseMaybeAssign] (node_modules/.pnpm/@babel+parser@7.28.5/node_modules/@babel/parser/src/parser/expression.ts:301:21)\n      at parseMaybeAssign (node_modules/.pnpm/@babel+parser@7.28.5/node_modules/@babel/parser/src/parser/expression.ts:257:12)\n      at Parser.callback [as allowInAnd] (node_modules/.pnpm/@babel+parser@7.28.5/node_modules/@babel/parser/src/parser/expression.ts:3202:12)\n      at Parser.allowInAnd [as parseMaybeAssignAllowIn] (node_modules/.pnpm/@babel+parser@7.28.5/node_modules/@babel/parser/src/parser/expression.ts:256:17)\n      at Parser.parseMaybeAssignAllowIn [as parseMaybeAssignAllowInOrVoidPattern] (node_modules/.pnpm/@babel+parser@7.28.5/node_modules/@babel/parser/src/parser/expression.ts:3316:17)\n      at Parser.parseMaybeAssignAllowInOrVoidPattern [as parseExprListItem] (node_modules/.pnpm/@babel+parser@7.28.5/node_modules/@babel/parser/src/parser/expression.ts:2798:18)\n      at Parser.parseExprListItem [as parseCallExpressionArguments] (node_modules/.pnpm/@babel+parser@7.28.5/node_modules/@babel/parser/src/parser/expression.ts:1042:14)\n      at Parser.parseCallExpressionArguments [as parseCoverCallAndAsyncArrowHead] (node_modules/.pnpm/@babel+parser@7.28.5/node_modules/@babel/parser/src/parser/expression.ts:922:29)\n      at Parser.parseCoverCallAndAsyncArrowHead [as parseSubscript] (node_modules/.pnpm/@babel+parser@7.28.5/node_modules/@babel/parser/src/parser/expression.ts:804:19)\n      at Parser.parseSubscript [as parseSubscripts] (node_modules/.pnpm/@babel+parser@7.28.5/node_modules/@babel/parser/src/parser/expression.ts:763:19)\n      at Parser.parseSubscripts [as parseExprSubscripts] (node_modules/.pnpm/@babel+parser@7.28.5/node_modules/@babel/parser/src/parser/expression.ts:748:17)\n      at Parser.parseExprSubscripts [as parseUpdate] (node_modules/.pnpm/@babel+parser@7.28.5/node_modules/@babel/parser/src/parser/expression.ts:721:21)\n      at Parser.parseUpdate [as parseMaybeUnary] (node_modules/.pnpm/@babel+parser@7.28.5/node_modules/@babel/parser/src/parser/expression.ts:683:23)\n      at Parser.parseMaybeUnary [as parseMaybeUnaryOrPrivate] (node_modules/.pnpm/@babel+parser@7.28.5/node_modules/@babel/parser/src/parser/expression.ts:417:14)\n      at Parser.parseMaybeUnaryOrPrivate [as parseExprOps] (node_modules/.pnpm/@babel+parser@7.28.5/node_modules/@babel/parser/src/parser/expression.ts:429:23)\n      at Parser.parseExprOps [as parseMaybeConditional] (node_modules/.pnpm/@babel+parser@7.28.5/node_modules/@babel/parser/src/parser/expression.ts:384:23)\n      at Parser.parseMaybeConditional [as parseMaybeAssign] (node_modules/.pnpm/@babel+parser@7.28.5/node_modules/@babel/parser/src/parser/expression.ts:301:21)\n      at Parser.parseMaybeAssign [as parseExpressionBase] (node_modules/.pnpm/@babel+parser@7.28.5/node_modules/@babel/parser/src/parser/expression.ts:226:23)\n      at parseExpressionBase (node_modules/.pnpm/@babel+parser@7.28.5/node_modules/@babel/parser/src/parser/expression.ts:217:39)\n      at Parser.callback [as allowInAnd] (node_modules/.pnpm/@babel+parser@7.28.5/node_modules/@babel/parser/src/parser/expression.ts:3197:16)\n      at Parser.allowInAnd [as parseExpression] (node_modules/.pnpm/@babel+parser@7.28.5/node_modules/@babel/parser/src/parser/expression.ts:217:17)\n      at Parser.parseExpression [as parseStatementContent] (node_modules/.pnpm/@babel+parser@7.28.5/node_modules/@babel/parser/src/parser/statement.ts:688:23)\n      at Parser.parseStatementContent [as parseStatementLike] (node_modules/.pnpm/@babel+parser@7.28.5/node_modules/@babel/parser/src/parser/statement.ts:482:17)\n      at Parser.parseStatementLike [as parseModuleItem] (node_modules/.pnpm/@babel+parser@7.28.5/node_modules/@babel/parser/src/parser/statement.ts:419:17)\n      at Parser.parseModuleItem [as parseBlockOrModuleBlockBody] (node_modules/.pnpm/@babel+parser@7.28.5/node_modules/@babel/parser/src/parser/statement.ts:1443:16)\n      at Parser.parseBlockOrModuleBlockBody [as parseBlockBody] (node_modules/.pnpm/@babel+parser@7.28.5/node_modules/@babel/parser/src/parser/statement.ts:1417:10)\n      at Parser.parseBlockBody [as parseProgram] (node_modules/.pnpm/@babel+parser@7.28.5/node_modules/@babel/parser/src/parser/statement.ts:229:10)\n      at Parser.parseProgram [as parseTopLevel] (node_modules/.pnpm/@babel+parser@7.28.5/node_modules/@babel/parser/src/parser/statement.ts:203:25)\n      at Parser.parseTopLevel [as parse] (node_modules/.pnpm/@babel+parser@7.28.5/node_modules/@babel/parser/src/parser/index.ts:88:25)\n      at parse (node_modules/.pnpm/@babel+parser@7.28.5/node_modules/@babel/parser/src/index.ts:86:38)\n      at parser (node_modules/.pnpm/@babel+core@7.28.5/node_modules/@babel/core/src/parser/index.ts:29:19)\n          at parser.next (<anonymous>)\n      at normalizeFile (node_modules/.pnpm/@babel+core@7.28.5/node_modules/@babel/core/src/transformation/normalize-file.ts:50:24)\n          at normalizeFile.next (<anonymous>)\n      at run (node_modules/.pnpm/@babel+core@7.28.5/node_modules/@babel/core/src/transformation/index.ts:41:36)\n          at run.next (<anonymous>)\n      at transform (node_modules/.pnpm/@babel+core@7.28.5/node_modules/@babel/core/src/transform.ts:29:20)\n          at transform.next (<anonymous>)\n      at evaluateSync (node_modules/.pnpm/gensync@1.0.0-beta.2/node_modules/gensync/index.js:251:28)\n      at sync (node_modules/.pnpm/gensync@1.0.0-beta.2/node_modules/gensync/index.js:89:14)\n      at fn (node_modules/.pnpm/@babel+core@7.28.5/node_modules/@babel/core/src/errors/rewrite-stack-trace.ts:99:14)\n      at transformSync (node_modules/.pnpm/@babel+core@7.28.5/node_modules/@babel/core/src/transform.ts:66:52)\n      at ScriptTransformer.transformSource (node_modules/.pnpm/@jest+transform@29.7.0/node_modules/@jest/transform/build/ScriptTransformer.js:545:31)\n      at ScriptTransformer._transformAndBuildScript (node_modules/.pnpm/@jest+transform@29.7.0/node_modules/@jest/transform/build/ScriptTransformer.js:674:40)\n      at ScriptTransformer.transform (node_modules/.pnpm/@jest+transform@29.7.0/node_modules/@jest/transform/build/ScriptTransformer.js:726:19)\n","name":"/Users/nissimmenashe/VERSATIL SDLC FW/tests/stress/memory-throughput.stress.test.ts","startTime":1761752736726,"status":"failed","summary":""},{"assertionResults":[],"coverage":{},"endTime":1761752736726,"message":"  ● Test suite failed to run\n\n    SyntaxError: /Users/nissimmenashe/VERSATIL SDLC FW/tests/accessibility/wcag-2.1-aa-enforcement.a11y.spec.ts: Unexpected token, expected \"from\" (3:12)\n\n      1 | import { test, expect } from '@playwright/test';\n      2 | import { injectAxe, checkA11y, getViolations, reportViolations } from 'axe-playwright';\n    > 3 | import type { AxeResults, Result as AxeViolation } from 'axe-core';\n        |             ^\n      4 | import * as fs from 'fs';\n      5 | import * as path from 'path';\n      6 |\n\n      at constructor (node_modules/.pnpm/@babel+parser@7.28.5/node_modules/@babel/parser/src/parse-error.ts:95:45)\n      at Parser.toParseError [as raise] (node_modules/.pnpm/@babel+parser@7.28.5/node_modules/@babel/parser/src/tokenizer/index.ts:1507:19)\n      at Parser.raise [as unexpected] (node_modules/.pnpm/@babel+parser@7.28.5/node_modules/@babel/parser/src/tokenizer/index.ts:1547:16)\n      at Parser.unexpected [as expectContextual] (node_modules/.pnpm/@babel+parser@7.28.5/node_modules/@babel/parser/src/parser/util.ts:114:12)\n      at Parser.expectContextual [as parseImportSpecifiersAndAfter] (node_modules/.pnpm/@babel+parser@7.28.5/node_modules/@babel/parser/src/parser/statement.ts:3180:10)\n      at Parser.parseImportSpecifiersAndAfter [as parseImport] (node_modules/.pnpm/@babel+parser@7.28.5/node_modules/@babel/parser/src/parser/statement.ts:3148:17)\n      at Parser.parseImport [as parseStatementContent] (node_modules/.pnpm/@babel+parser@7.28.5/node_modules/@babel/parser/src/parser/statement.ts:647:25)\n      at Parser.parseStatementContent [as parseStatementLike] (node_modules/.pnpm/@babel+parser@7.28.5/node_modules/@babel/parser/src/parser/statement.ts:482:17)\n      at Parser.parseStatementLike [as parseModuleItem] (node_modules/.pnpm/@babel+parser@7.28.5/node_modules/@babel/parser/src/parser/statement.ts:419:17)\n      at Parser.parseModuleItem [as parseBlockOrModuleBlockBody] (node_modules/.pnpm/@babel+parser@7.28.5/node_modules/@babel/parser/src/parser/statement.ts:1443:16)\n      at Parser.parseBlockOrModuleBlockBody [as parseBlockBody] (node_modules/.pnpm/@babel+parser@7.28.5/node_modules/@babel/parser/src/parser/statement.ts:1417:10)\n      at Parser.parseBlockBody [as parseProgram] (node_modules/.pnpm/@babel+parser@7.28.5/node_modules/@babel/parser/src/parser/statement.ts:229:10)\n      at Parser.parseProgram [as parseTopLevel] (node_modules/.pnpm/@babel+parser@7.28.5/node_modules/@babel/parser/src/parser/statement.ts:203:25)\n      at Parser.parseTopLevel [as parse] (node_modules/.pnpm/@babel+parser@7.28.5/node_modules/@babel/parser/src/parser/index.ts:88:25)\n      at parse (node_modules/.pnpm/@babel+parser@7.28.5/node_modules/@babel/parser/src/index.ts:86:38)\n      at parser (node_modules/.pnpm/@babel+core@7.28.5/node_modules/@babel/core/src/parser/index.ts:29:19)\n          at parser.next (<anonymous>)\n      at normalizeFile (node_modules/.pnpm/@babel+core@7.28.5/node_modules/@babel/core/src/transformation/normalize-file.ts:50:24)\n          at normalizeFile.next (<anonymous>)\n      at run (node_modules/.pnpm/@babel+core@7.28.5/node_modules/@babel/core/src/transformation/index.ts:41:36)\n          at run.next (<anonymous>)\n      at transform (node_modules/.pnpm/@babel+core@7.28.5/node_modules/@babel/core/src/transform.ts:29:20)\n          at transform.next (<anonymous>)\n      at evaluateSync (node_modules/.pnpm/gensync@1.0.0-beta.2/node_modules/gensync/index.js:251:28)\n      at sync (node_modules/.pnpm/gensync@1.0.0-beta.2/node_modules/gensync/index.js:89:14)\n      at fn (node_modules/.pnpm/@babel+core@7.28.5/node_modules/@babel/core/src/errors/rewrite-stack-trace.ts:99:14)\n      at transformSync (node_modules/.pnpm/@babel+core@7.28.5/node_modules/@babel/core/src/transform.ts:66:52)\n      at ScriptTransformer.transformSource (node_modules/.pnpm/@jest+transform@29.7.0/node_modules/@jest/transform/build/ScriptTransformer.js:545:31)\n      at ScriptTransformer._transformAndBuildScript (node_modules/.pnpm/@jest+transform@29.7.0/node_modules/@jest/transform/build/ScriptTransformer.js:674:40)\n      at ScriptTransformer.transform (node_modules/.pnpm/@jest+transform@29.7.0/node_modules/@jest/transform/build/ScriptTransformer.js:726:19)\n","name":"/Users/nissimmenashe/VERSATIL SDLC FW/tests/accessibility/wcag-2.1-aa-enforcement.a11y.spec.ts","startTime":1761752736726,"status":"failed","summary":""},{"assertionResults":[],"coverage":{},"endTime":1761752736726,"message":"  ● Test suite failed to run\n\n    SyntaxError: /Users/nissimmenashe/VERSATIL SDLC FW/tests/accessibility/keyboard-navigation.a11y.spec.ts: Unexpected token, expected \"from\" (2:12)\n\n      1 | import { test, expect } from '@playwright/test';\n    > 2 | import type { Page, Locator } from '@playwright/test';\n        |             ^\n      3 |\n      4 | /**\n      5 |  * VERSATIL SDLC Framework - Keyboard Navigation Accessibility Tests\n\n      at constructor (node_modules/.pnpm/@babel+parser@7.28.5/node_modules/@babel/parser/src/parse-error.ts:95:45)\n      at Parser.toParseError [as raise] (node_modules/.pnpm/@babel+parser@7.28.5/node_modules/@babel/parser/src/tokenizer/index.ts:1507:19)\n      at Parser.raise [as unexpected] (node_modules/.pnpm/@babel+parser@7.28.5/node_modules/@babel/parser/src/tokenizer/index.ts:1547:16)\n      at Parser.unexpected [as expectContextual] (node_modules/.pnpm/@babel+parser@7.28.5/node_modules/@babel/parser/src/parser/util.ts:114:12)\n      at Parser.expectContextual [as parseImportSpecifiersAndAfter] (node_modules/.pnpm/@babel+parser@7.28.5/node_modules/@babel/parser/src/parser/statement.ts:3180:10)\n      at Parser.parseImportSpecifiersAndAfter [as parseImport] (node_modules/.pnpm/@babel+parser@7.28.5/node_modules/@babel/parser/src/parser/statement.ts:3148:17)\n      at Parser.parseImport [as parseStatementContent] (node_modules/.pnpm/@babel+parser@7.28.5/node_modules/@babel/parser/src/parser/statement.ts:647:25)\n      at Parser.parseStatementContent [as parseStatementLike] (node_modules/.pnpm/@babel+parser@7.28.5/node_modules/@babel/parser/src/parser/statement.ts:482:17)\n      at Parser.parseStatementLike [as parseModuleItem] (node_modules/.pnpm/@babel+parser@7.28.5/node_modules/@babel/parser/src/parser/statement.ts:419:17)\n      at Parser.parseModuleItem [as parseBlockOrModuleBlockBody] (node_modules/.pnpm/@babel+parser@7.28.5/node_modules/@babel/parser/src/parser/statement.ts:1443:16)\n      at Parser.parseBlockOrModuleBlockBody [as parseBlockBody] (node_modules/.pnpm/@babel+parser@7.28.5/node_modules/@babel/parser/src/parser/statement.ts:1417:10)\n      at Parser.parseBlockBody [as parseProgram] (node_modules/.pnpm/@babel+parser@7.28.5/node_modules/@babel/parser/src/parser/statement.ts:229:10)\n      at Parser.parseProgram [as parseTopLevel] (node_modules/.pnpm/@babel+parser@7.28.5/node_modules/@babel/parser/src/parser/statement.ts:203:25)\n      at Parser.parseTopLevel [as parse] (node_modules/.pnpm/@babel+parser@7.28.5/node_modules/@babel/parser/src/parser/index.ts:88:25)\n      at parse (node_modules/.pnpm/@babel+parser@7.28.5/node_modules/@babel/parser/src/index.ts:86:38)\n      at parser (node_modules/.pnpm/@babel+core@7.28.5/node_modules/@babel/core/src/parser/index.ts:29:19)\n          at parser.next (<anonymous>)\n      at normalizeFile (node_modules/.pnpm/@babel+core@7.28.5/node_modules/@babel/core/src/transformation/normalize-file.ts:50:24)\n          at normalizeFile.next (<anonymous>)\n      at run (node_modules/.pnpm/@babel+core@7.28.5/node_modules/@babel/core/src/transformation/index.ts:41:36)\n          at run.next (<anonymous>)\n      at transform (node_modules/.pnpm/@babel+core@7.28.5/node_modules/@babel/core/src/transform.ts:29:20)\n          at transform.next (<anonymous>)\n      at evaluateSync (node_modules/.pnpm/gensync@1.0.0-beta.2/node_modules/gensync/index.js:251:28)\n      at sync (node_modules/.pnpm/gensync@1.0.0-beta.2/node_modules/gensync/index.js:89:14)\n      at fn (node_modules/.pnpm/@babel+core@7.28.5/node_modules/@babel/core/src/errors/rewrite-stack-trace.ts:99:14)\n      at transformSync (node_modules/.pnpm/@babel+core@7.28.5/node_modules/@babel/core/src/transform.ts:66:52)\n      at ScriptTransformer.transformSource (node_modules/.pnpm/@jest+transform@29.7.0/node_modules/@jest/transform/build/ScriptTransformer.js:545:31)\n      at ScriptTransformer._transformAndBuildScript (node_modules/.pnpm/@jest+transform@29.7.0/node_modules/@jest/transform/build/ScriptTransformer.js:674:40)\n      at ScriptTransformer.transform (node_modules/.pnpm/@jest+transform@29.7.0/node_modules/@jest/transform/build/ScriptTransformer.js:726:19)\n","name":"/Users/nissimmenashe/VERSATIL SDLC FW/tests/accessibility/keyboard-navigation.a11y.spec.ts","startTime":1761752736726,"status":"failed","summary":""},{"assertionResults":[],"coverage":{},"endTime":1761752736726,"message":"  ● Test suite failed to run\n\n    Jest encountered an unexpected token\n\n    Jest failed to parse a file. This happens e.g. when your code or its dependencies use non-standard JavaScript syntax, or when Jest is not configured to support such syntax.\n\n    Out of the box Jest supports Babel, which will be used to transform your files into valid JS based on your Babel configuration.\n\n    By default \"node_modules\" folder is ignored by transformers.\n\n    Here's what you can do:\n     • If you are trying to use ECMAScript Modules, see https://jestjs.io/docs/ecmascript-modules for how to enable it.\n     • If you are trying to use TypeScript, see https://jestjs.io/docs/getting-started#using-typescript\n     • To have some of your \"node_modules\" files transformed, you can specify a custom \"transformIgnorePatterns\" in your config.\n     • If you need a custom transformation specify a \"transform\" option in your config.\n     • If you simply want to mock your non-JS modules (e.g. binary assets) you can stub them out with the \"moduleNameMapper\" config option.\n\n    You'll find more details and examples of these config options in the docs:\n    https://jestjs.io/docs/configuration\n    For information about custom transformations, see:\n    https://jestjs.io/docs/code-transformation\n\n    Details:\n\n    SyntaxError: /Users/nissimmenashe/VERSATIL SDLC FW/tests/analytics/performance-monitor.test.ts: Missing semicolon. (19:24)\n\n      17 |\n      18 | describe('PerformanceMonitor', () => {\n    > 19 |   let performanceMonitor: PerformanceMonitor;\n         |                         ^\n      20 |\n      21 |   beforeEach(() => {\n      22 |     performanceMonitor = new PerformanceMonitor();\n\n      at constructor (node_modules/.pnpm/@babel+parser@7.28.5/node_modules/@babel/parser/src/parse-error.ts:95:45)\n      at Parser.toParseError [as raise] (node_modules/.pnpm/@babel+parser@7.28.5/node_modules/@babel/parser/src/tokenizer/index.ts:1507:19)\n      at Parser.raise [as semicolon] (node_modules/.pnpm/@babel+parser@7.28.5/node_modules/@babel/parser/src/parser/util.ts:149:10)\n      at Parser.semicolon [as parseVarStatement] (node_modules/.pnpm/@babel+parser@7.28.5/node_modules/@babel/parser/src/parser/statement.ts:1252:10)\n      at Parser.parseVarStatement [as parseStatementContent] (node_modules/.pnpm/@babel+parser@7.28.5/node_modules/@babel/parser/src/parser/statement.ts:612:21)\n      at Parser.parseStatementContent [as parseStatementLike] (node_modules/.pnpm/@babel+parser@7.28.5/node_modules/@babel/parser/src/parser/statement.ts:482:17)\n      at Parser.parseStatementLike [as parseStatementListItem] (node_modules/.pnpm/@babel+parser@7.28.5/node_modules/@babel/parser/src/parser/statement.ts:431:17)\n      at Parser.parseStatementListItem [as parseBlockOrModuleBlockBody] (node_modules/.pnpm/@babel+parser@7.28.5/node_modules/@babel/parser/src/parser/statement.ts:1444:16)\n      at Parser.parseBlockOrModuleBlockBody [as parseBlockBody] (node_modules/.pnpm/@babel+parser@7.28.5/node_modules/@babel/parser/src/parser/statement.ts:1417:10)\n      at Parser.parseBlockBody [as parseBlock] (node_modules/.pnpm/@babel+parser@7.28.5/node_modules/@babel/parser/src/parser/statement.ts:1385:10)\n      at Parser.parseBlock [as parseFunctionBody] (node_modules/.pnpm/@babel+parser@7.28.5/node_modules/@babel/parser/src/parser/expression.ts:2626:24)\n      at Parser.parseFunctionBody [as parseArrowExpression] (node_modules/.pnpm/@babel+parser@7.28.5/node_modules/@babel/parser/src/parser/expression.ts:2563:10)\n      at Parser.parseArrowExpression [as parseParenAndDistinguishExpression] (node_modules/.pnpm/@babel+parser@7.28.5/node_modules/@babel/parser/src/parser/expression.ts:1847:12)\n      at Parser.parseParenAndDistinguishExpression [as parseExprAtom] (node_modules/.pnpm/@babel+parser@7.28.5/node_modules/@babel/parser/src/parser/expression.ts:1170:21)\n      at Parser.parseExprAtom [as parseExprSubscripts] (node_modules/.pnpm/@babel+parser@7.28.5/node_modules/@babel/parser/src/parser/expression.ts:742:23)\n      at Parser.parseExprSubscripts [as parseUpdate] (node_modules/.pnpm/@babel+parser@7.28.5/node_modules/@babel/parser/src/parser/expression.ts:721:21)\n      at Parser.parseUpdate [as parseMaybeUnary] (node_modules/.pnpm/@babel+parser@7.28.5/node_modules/@babel/parser/src/parser/expression.ts:683:23)\n      at Parser.parseMaybeUnary [as parseMaybeUnaryOrPrivate] (node_modules/.pnpm/@babel+parser@7.28.5/node_modules/@babel/parser/src/parser/expression.ts:417:14)\n      at Parser.parseMaybeUnaryOrPrivate [as parseExprOps] (node_modules/.pnpm/@babel+parser@7.28.5/node_modules/@babel/parser/src/parser/expression.ts:429:23)\n      at Parser.parseExprOps [as parseMaybeConditional] (node_modules/.pnpm/@babel+parser@7.28.5/node_modules/@babel/parser/src/parser/expression.ts:384:23)\n      at Parser.parseMaybeConditional [as parseMaybeAssign] (node_modules/.pnpm/@babel+parser@7.28.5/node_modules/@babel/parser/src/parser/expression.ts:301:21)\n      at parseMaybeAssign (node_modules/.pnpm/@babel+parser@7.28.5/node_modules/@babel/parser/src/parser/expression.ts:257:12)\n      at Parser.callback [as allowInAnd] (node_modules/.pnpm/@babel+parser@7.28.5/node_modules/@babel/parser/src/parser/expression.ts:3202:12)\n      at Parser.allowInAnd [as parseMaybeAssignAllowIn] (node_modules/.pnpm/@babel+parser@7.28.5/node_modules/@babel/parser/src/parser/expression.ts:256:17)\n      at Parser.p
[...]
med, you can specify a custom \"transformIgnorePatterns\" in your config.\n     • If you need a custom transformation specify a \"transform\" option in your config.\n     • If you simply want to mock your non-JS modules (e.g. binary assets) you can stub them out with the \"moduleNameMapper\" config option.\n\n    You'll find more details and examples of these config options in the docs:\n    https://jestjs.io/docs/configuration\n    For information about custom transformations, see:\n    https://jestjs.io/docs/code-transformation\n\n    Details:\n\n    SyntaxError: /Users/nissimmenashe/VERSATIL SDLC FW/tests/fixtures/code-samples/integration-test-gaps.test.tsx: Support for the experimental syntax 'jsx' isn't currently enabled (11:12):\n\n       9 |   test('should navigate to dashboard', () => {\n      10 |     // Basic unit test only\n    > 11 |     render(<Dashboard />);\n         |            ^\n      12 |     expect(screen.getByText('Dashboard')).toBeInTheDocument();\n      13 |   });\n      14 |\n\n    Add @babel/preset-react (https://github.com/babel/babel/tree/main/packages/babel-preset-react) to the 'presets' section of your Babel config to enable transformation.\n    If you want to leave it as-is, add @babel/plugin-syntax-jsx (https://github.com/babel/babel/tree/main/packages/babel-plugin-syntax-jsx) to the 'plugins' section to enable parsing.\n\n    If you already added the plugin for this syntax to your config, it's possible that your config isn't being loaded.\n    You can re-run Babel with the BABEL_SHOW_CONFIG_FOR environment variable to show the loaded configuration:\n    \tnpx cross-env BABEL_SHOW_CONFIG_FOR=/Users/nissimmenashe/VERSATIL SDLC FW/tests/fixtures/code-samples/integration-test-gaps.test.tsx <your build command>\n    See https://babeljs.io/docs/configuration#print-effective-configs for more info.\n\n      at constructor (node_modules/.pnpm/@babel+parser@7.28.5/node_modules/@babel/parser/src/parse-error.ts:95:45)\n      at Parser.toParseError [as raise] (node_modules/.pnpm/@babel+parser@7.28.5/node_modules/@babel/parser/src/tokenizer/index.ts:1507:19)\n      at Parser.raise [as expectOnePlugin] (node_modules/.pnpm/@babel+parser@7.28.5/node_modules/@babel/parser/src/tokenizer/index.ts:1572:18)\n      at Parser.expectOnePlugin [as parseExprAtom] (node_modules/.pnpm/@babel+parser@7.28.5/node_modules/@babel/parser/src/parser/expression.ts:1272:22)\n      at Parser.parseExprAtom [as parseExprSubscripts] (node_modules/.pnpm/@babel+parser@7.28.5/node_modules/@babel/parser/src/parser/expression.ts:742:23)\n      at Parser.parseExprSubscripts [as parseUpdate] (node_modules/.pnpm/@babel+parser@7.28.5/node_modules/@babel/parser/src/parser/expression.ts:721:21)\n      at Parser.parseUpdate [as parseMaybeUnary] (node_modules/.pnpm/@babel+parser@7.28.5/node_modules/@babel/parser/src/parser/expression.ts:683:23)\n      at Parser.parseMaybeUnary [as parseMaybeUnaryOrPrivate] (node_modules/.pnpm/@babel+parser@7.28.5/node_modules/@babel/parser/src/parser/expression.ts:417:14)\n      at Parser.parseMaybeUnaryOrPrivate [as parseExprOps] (node_modules/.pnpm/@babel+parser@7.28.5/node_modules/@babel/parser/src/parser/expression.ts:429:23)\n      at Parser.parseExprOps [as parseMaybeConditional] (node_modules/.pnpm/@babel+parser@7.28.5/node_modules/@babel/parser/src/parser/expression.ts:384:23)\n      at Parser.parseMaybeConditional [as parseMaybeAssign] (node_modules/.pnpm/@babel+parser@7.28.5/node_modules/@babel/parser/src/parser/expression.ts:301:21)\n      at parseMaybeAssign (node_modules/.pnpm/@babel+parser@7.28.5/node_modules/@babel/parser/src/parser/expression.ts:257:12)\n      at Parser.callback [as allowInAnd] (node_modules/.pnpm/@babel+parser@7.28.5/node_modules/@babel/parser/src/parser/expression.ts:3202:12)\n      at Parser.allowInAnd [as parseMaybeAssignAllowIn] (node_modules/.pnpm/@babel+parser@7.28.5/node_modules/@babel/parser/src/parser/expression.ts:256:17)\n      at Parser.parseMaybeAssignAllowIn [as parseMaybeAssignAllowInOrVoidPattern] (node_modules/.pnpm/@babel+parser@7.28.5/node_modules/@babel/parser/src/parser/expression.ts:3316:17)\n      at Parser.parseMaybeAssignAllowInOrVoidPattern [as parseExprListItem] (node_modules/.pnpm/@babel+parser@7.28.5/node_modules/@babel/parser/src/parser/expression.ts:2798:18)\n      at Parser.parseExprListItem [as parseCallExpressionArguments] (node_modules/.pnpm/@babel+parser@7.28.5/node_modules/@babel/parser/src/parser/expression.ts:1042:14)\n      at Parser.parseCallExpressionArguments [as parseCoverCallAndAsyncArrowHead] (node_modules/.pnpm/@babel+parser@7.28.5/node_modules/@babel/parser/src/parser/expression.ts:922:29)\n      at Parser.parseCoverCallAndAsyncArrowHead [as parseSubscript] (node_modules/.pnpm/@babel+parser@7.28.5/node_modules/@babel/parser/src/parser/expression.ts:804:19)\n      at Parser.parseSubscript [as parseSubscripts] (node_modules/.pnpm/@babel+parser@7.28.5/node_modules/@babel/parser/src/parser/expression.ts:763:19)\n      at Parser.parseSubscripts [as parseExprSubscripts] (node_modules/.pnpm/@babel+parser@7.28.5/node_modules/@babel/parser/src/parser/expression.ts:748:17)\n      at Parser.parseExprSubscripts [as parseUpdate] (node_modules/.pnpm/@babel+parser@7.28.5/node_modules/@babel/parser/src/parser/expression.ts:721:21)\n      at Parser.parseUpdate [as parseMaybeUnary] (node_modules/.pnpm/@babel+parser@7.28.5/node_modules/@babel/parser/src/parser/expression.ts:683:23)\n      at Parser.parseMaybeUnary [as parseMaybeUnaryOrPrivate] (node_modules/.pnpm/@babel+parser@7.28.5/node_modules/@babel/parser/src/parser/expression.ts:417:14)\n      at Parser.parseMaybeUnaryOrPrivate [as parseExprOps] (node_modules/.pnpm/@babel+parser@7.28.5/node_modules/@babel/parser/src/parser/expression.ts:429:23)\n      at Parser.parseExprOps [as parseMaybeConditional] (node_modules/.pnpm/@babel+parser@7.28.5/node_modules/@babel/parser/src/parser/expression.ts:384:23)\n      at Parser.parseMaybeConditional [as parseMaybeAssign] (node_modules/.pnpm/@babel+parser@7.28.5/node_modules/@babel/parser/src/parser/expression.ts:301:21)\n      at Parser.parseMaybeAssign [as parseExpressionBase] (node_modules/.pnpm/@babel+parser@7.28.5/node_modules/@babel/parser/src/parser/expression.ts:226:23)\n      at parseExpressionBase (node_modules/.pnpm/@babel+parser@7.28.5/node_modules/@babel/parser/src/parser/expression.ts:217:39)\n      at Parser.callback [as allowInAnd] (node_modules/.pnpm/@babel+parser@7.28.5/node_modules/@babel/parser/src/parser/expression.ts:3197:16)\n      at Parser.allowInAnd [as parseExpression] (node_modules/.pnpm/@babel+parser@7.28.5/node_modules/@babel/parser/src/parser/expression.ts:217:17)\n      at Parser.parseExpression [as parseStatementContent] (node_modules/.pnpm/@babel+parser@7.28.5/node_modules/@babel/parser/src/parser/statement.ts:688:23)\n      at Parser.parseStatementContent [as parseStatementLike] (node_modules/.pnpm/@babel+parser@7.28.5/node_modules/@babel/parser/src/parser/statement.ts:482:17)\n      at Parser.parseStatementLike [as parseStatementListItem] (node_modules/.pnpm/@babel+parser@7.28.5/node_modules/@babel/parser/src/parser/statement.ts:431:17)\n      at Parser.parseStatementListItem [as parseBlockOrModuleBlockBody] (node_modules/.pnpm/@babel+parser@7.28.5/node_modules/@babel/parser/src/parser/statement.ts:1444:16)\n      at Parser.parseBlockOrModuleBlockBody [as parseBlockBody] (node_modules/.pnpm/@babel+parser@7.28.5/node_modules/@babel/parser/src/parser/statement.ts:1417:10)\n      at Parser.parseBlockBody [as parseBlock] (node_modules/.pnpm/@babel+parser@7.28.5/node_modules/@babel/parser/src/parser/statement.ts:1385:10)\n      at Parser.parseBlock [as parseFunctionBody] (node_modules/.pnpm/@babel+parser@7.28.5/node_modules/@babel/parser/src/parser/expression.ts:2626:24)\n      at Parser.parseFunctionBody [as parseArrowExpression] (node_modules/.pnpm/@babel+parser@7.28.5/node_modules/@babel/parser/src/parser/expression.ts:2563:10)\n      at Parser.parseArrowExpression [as parseParenAndDistinguishExpression] (node_modules/.pnpm/@babel+parser@7.28.5/node_modules/@babel/parser/src/parser/expression.ts:1847:12)\n      at Parser.parseParenAndDistinguishExpression [as parseExprAtom] (node_modules/.pnpm/@babel+parser@7.28.5/node_modules/@babel/parser/src/parser/expression.ts:1170:21)\n      at Parser.parseExprAtom [as parseExprSubscripts] (node_modules/.pnpm/@babel+parser@7.28.5/node_modules/@babel/parser/src/parser/expression.ts:742:23)\n      at Parser.parseExprSubscripts [as parseUpdate] (node_modules/.pnpm/@babel+parser@7.28.5/node_modules/@babel/parser/src/parser/expression.ts:721:21)\n      at Parser.parseUpdate [as parseMaybeUnary] (node_modules/.pnpm/@babel+parser@7.28.5/node_modules/@babel/parser/src/parser/expression.ts:683:23)\n      at Parser.parseMaybeUnary [as parseMaybeUnaryOrPrivate] (node_modules/.pnpm/@babel+parser@7.28.5/node_modules/@babel/parser/src/parser/expression.ts:417:14)\n      at Parser.parseMaybeUnaryOrPrivate [as parseExprOps] (node_modules/.pnpm/@babel+parser@7.28.5/node_modules/@babel/parser/src/parser/expression.ts:429:23)\n      at Parser.parseExprOps [as parseMaybeConditional] (node_modules/.pnpm/@babel+parser@7.28.5/node_modules/@babel/parser/src/parser/expression.ts:384:23)\n      at Parser.parseMaybeConditional [as parseMaybeAssign] (node_modules/.pnpm/@babel+parser@7.28.5/node_modules/@babel/parser/src/parser/expression.ts:301:21)\n      at parseMaybeAssign (node_modules/.pnpm/@babel+parser@7.28.5/node_modules/@babel/parser/src/parser/expression.ts:257:12)\n      at Parser.callback [as allowInAnd] (node_modules/.pnpm/@babel+parser@7.28.5/node_modules/@babel/parser/src/parser/expression.ts:3202:12)\n      at Parser.allowInAnd [as parseMaybeAssignAllowIn] (node_modules/.pnpm/@babel+parser@7.28.5/node_modules/@babel/parser/src/parser/expression.ts:256:17)\n      at Parser.parseMaybeAssignAllowIn [as parseMaybeAssignAllowInOrVoidPattern] (node_modules/.pnpm/@babel+parser@7.28.5/node_modules/@babel/parser/src/parser/expression.ts:3316:17)\n      at Parser.parseMaybeAssignAllowInOrVoidPattern [as parseExprListItem] (node_modules/.pnpm/@babel+parser@7.28.5/node_modules/@babel/parser/src/parser/expression.ts:2798:18)\n      at Parser.parseExprListItem [as parseCallExpressionArguments] (node_modules/.pnpm/@babel+parser@7.28.5/node_modules/@babel/parser/src/parser/expression.ts:1042:14)\n      at Parser.parseCallExpressionArguments [as parseCoverCallAndAsyncArrowHead] (node_modules/.pnpm/@babel+parser@7.28.5/node_modules/@babel/parser/src/parser/expression.ts:922:29)\n      at Parser.parseCoverCallAndAsyncArrowHead [as parseSubscript] (node_modules/.pnpm/@babel+parser@7.28.5/node_modules/@babel/parser/src/parser/expression.ts:804:19)\n      at Parser.parseSubscript [as parseSubscripts] (node_modules/.pnpm/@babel+parser@7.28.5/node_modules/@babel/parser/src/parser/expression.ts:763:19)\n      at Parser.parseSubscripts [as parseExprSubscripts] (node_modules/.pnpm/@babel+parser@7.28.5/node_modules/@babel/parser/src/parser/expression.ts:748:17)\n      at Parser.parseExprSubscripts [as parseUpdate] (node_modules/.pnpm/@babel+parser@7.28.5/node_modules/@babel/parser/src/parser/expression.ts:721:21)\n      at Parser.parseUpdate [as parseMaybeUnary] (node_modules/.pnpm/@babel+parser@7.28.5/node_modules/@babel/parser/src/parser/expression.ts:683:23)\n      at Parser.parseMaybeUnary [as parseMaybeUnaryOrPrivate] (node_modules/.pnpm/@babel+parser@7.28.5/node_modules/@babel/parser/src/parser/expression.ts:417:14)\n      at Parser.parseMaybeUnaryOrPrivate [as parseExprOps] (node_modules/.pnpm/@babel+parser@7.28.5/node_modules/@babel/parser/src/parser/expression.ts:429:23)\n      at Parser.parseExprOps [as parseMaybeConditional] (node_modules/.pnpm/@babel+parser@7.28.5/node_modules/@babel/parser/src/parser/expression.ts:384:23)\n      at Parser.parseMaybeConditional [as parseMaybeAssign] (node_modules/.pnpm/@babel+parser@7.28.5/node_modules/@babel/parser/src/parser/expression.ts:301:21)\n      at Parser.parseMaybeAssign [as parseExpressionBase] (node_modules/.pnpm/@babel+parser@7.28.5/node_modules/@babel/parser/src/parser/expression.ts:226:23)\n      at parseExpressionBase (node_modules/.pnpm/@babel+parser@7.28.5/node_modules/@babel/parser/src/parser/expression.ts:217:39)\n      at Parser.callback [as allowInAnd] (node_modules/.pnpm/@babel+parser@7.28.5/node_modules/@babel/parser/src/parser/expression.ts:3197:16)\n      at Parser.allowInAnd [as parseExpression] (node_modules/.pnpm/@babel+parser@7.28.5/node_modules/@babel/parser/src/parser/expression.ts:217:17)\n      at Parser.parseExpression [as parseStatementContent] (node_modules/.pnpm/@babel+parser@7.28.5/node_modules/@babel/parser/src/parser/statement.ts:688:23)\n      at Parser.parseStatementContent [as parseStatementLike] (node_modules/.pnpm/@babel+parser@7.28.5/node_modules/@babel/parser/src/parser/statement.ts:482:17)\n      at Parser.parseStatementLike [as parseStatementListItem] (node_modules/.pnpm/@babel+parser@7.28.5/node_modules/@babel/parser/src/parser/statement.ts:431:17)\n      at Parser.parseStatementListItem [as parseBlockOrModuleBlockBody] (node_modules/.pnpm/@babel+parser@7.28.5/node_modules/@babel/parser/src/parser/statement.ts:1444:16)\n      at Parser.parseBlockOrModuleBlockBody [as parseBlockBody] (node_modules/.pnpm/@babel+parser@7.28.5/node_modules/@babel/parser/src/parser/statement.ts:1417:10)\n      at Parser.parseBlockBody [as parseBlock] (node_modules/.pnpm/@babel+parser@7.28.5/node_modules/@babel/parser/src/parser/statement.ts:1385:10)\n      at Parser.parseBlock [as parseFunctionBody] (node_modules/.pnpm/@babel+parser@7.28.5/node_modules/@babel/parser/src/parser/expression.ts:2626:24)\n      at Parser.parseFunctionBody [as parseArrowExpression] (node_modules/.pnpm/@babel+parser@7.28.5/node_modules/@babel/parser/src/parser/expression.ts:2563:10)\n      at Parser.parseArrowExpression [as parseParenAndDistinguishExpression] (node_modules/.pnpm/@babel+parser@7.28.5/node_modules/@babel/parser/src/parser/expression.ts:1847:12)\n      at Parser.parseParenAndDistinguishExpression [as parseExprAtom] (node_modules/.pnpm/@babel+parser@7.28.5/node_modules/@babel/parser/src/parser/expression.ts:1170:21)\n      at Parser.parseExprAtom [as parseExprSubscripts] (node_modules/.pnpm/@babel+parser@7.28.5/node_modules/@babel/parser/src/parser/expression.ts:742:23)\n      at Parser.parseExprSubscripts [as parseUpdate] (node_modules/.pnpm/@babel+parser@7.28.5/node_modules/@babel/parser/src/parser/expression.ts:721:21)\n      at Parser.parseUpdate [as parseMaybeUnary] (node_modules/.pnpm/@babel+parser@7.28.5/node_modules/@babel/parser/src/parser/expression.ts:683:23)\n      at Parser.parseMaybeUnary [as parseMaybeUnaryOrPrivate] (node_modules/.pnpm/@babel+parser@7.28.5/node_modules/@babel/parser/src/parser/expression.ts:417:14)\n      at Parser.parseMaybeUnaryOrPrivate [as parseExprOps] (node_modules/.pnpm/@babel+parser@7.28.5/node_modules/@babel/parser/src/parser/expression.ts:429:23)\n      at Parser.parseExprOps [as parseMaybeConditional] (node_modules/.pnpm/@babel+parser@7.28.5/node_modules/@babel/parser/src/parser/expression.ts:384:23)\n      at Parser.parseMaybeConditional [as parseMaybeAssign] (node_modules/.pnpm/@babel+parser@7.28.5/node_modules/@babel/parser/src/parser/expression.ts:301:21)\n      at parseMaybeAssign (node_modules/.pnpm/@babel+parser@7.28.5/node_modules/@babel/parser/src/parser/expression.ts:257:12)\n      at Parser.callback [as allowInAnd] (node_modules/.pnpm/@babel+parser@7.28.5/node_modules/@babel/parser/src/parser/expression.ts:3202:12)\n      at Parser.allowInAnd [as parseMaybeAssignAllowIn] (node_modules/.pnpm/@babel+parser@7.28.5/node_modules/@babel/parser/src/parser/expression.ts:256:17)\n      at Parser.parseMaybeAssignAllowIn [as parseMaybeAssignAllowInOrVoidPattern] (node_modules/.pnpm/@babel+parser@7.28.5/node_modules/@babel/parser/src/parser/expression.ts:3316:17)\n      at Parser.parseMaybeAssignAllowInOrVoidPattern [as parseExprListItem] (node_modules/.pnpm/@babel+parser@7.28.5/node_modules/@babel/parser/src/parser/expression.ts:2798:18)\n      at Parser.parseExprListItem [as parseCallExpressionArguments] (node_modules/.pnpm/@babel+parser@7.28.5/node_modules/@babel/parser/src/parser/expression.ts:1042:14)\n      at Parser.parseCallExpressionArguments [as parseCoverCallAndAsyncArrowHead] (node_modules/.pnpm/@babel+parser@7.28.5/node_modules/@babel/parser/src/parser/expression.ts:922:29)\n      at Parser.parseCoverCallAndAsyncArrowHead [as parseSubscript] (node_modules/.pnpm/@babel+parser@7.28.5/node_modules/@babel/parser/src/parser/expression.ts:804:19)\n      at Parser.parseSubscript [as parseSubscripts] (node_modules/.pnpm/@babel+parser@7.28.5/node_modules/@babel/parser/src/parser/expression.ts:763:19)\n      at Parser.parseSubscripts [as parseExprSubscripts] (node_modules/.pnpm/@babel+parser@7.28.5/node_modules/@babel/parser/src/parser/expression.ts:748:17)\n      at Parser.parseExprSubscripts [as parseUpdate] (node_modules/.pnpm/@babel+parser@7.28.5/node_modules/@babel/parser/src/parser/expression.ts:721:21)\n      at Parser.parseUpdate [as parseMaybeUnary] (node_modules/.pnpm/@babel+parser@7.28.5/node_modules/@babel/parser/src/parser/expression.ts:683:23)\n      at Parser.parseMaybeUnary [as parseMaybeUnaryOrPrivate] (node_modules/.pnpm/@babel+parser@7.28.5/node_modules/@babel/parser/src/parser/expression.ts:417:14)\n      at Parser.parseMaybeUnaryOrPrivate [as parseExprOps] (node_modules/.pnpm/@babel+parser@7.28.5/node_modules/@babel/parser/src/parser/expression.ts:429:23)\n      at Parser.parseExprOps [as parseMaybeConditional] (node_modules/.pnpm/@babel+parser@7.28.5/node_modules/@babel/parser/src/parser/expression.ts:384:23)\n","name":"/Users/nissimmenashe/VERSATIL SDLC FW/tests/fixtures/code-samples/integration-test-gaps.test.tsx","startTime":1761752736726,"status":"failed","summary":""},{"assertionResults":[],"coverage":{},"endTime":1761752736726,"message":"  ● Test suite failed to run\n\n    Jest encountered an unexpected token\n\n    Jest failed to parse a file. This happens e.g. when your code or its dependencies use non-standard JavaScript syntax, or when Jest is not configured to support such syntax.\n\n    Out of the box Jest supports Babel, which will be used to transform your files into valid JS based on your Babel configuration.\n\n    By default \"node_modules\" folder is ignored by transformers.\n\n    Here's what you can do:\n     • If you are trying to use ECMAScript Modules, see https://jestjs.io/docs/ecmascript-modules for how to enable it.\n     • If you are trying to use TypeScript, see https://jestjs.io/docs/getting-started#using-typescript\n     • To have some of your \"node_modules\" files transformed, you can specify a custom \"transformIgnorePatterns\" in your config.\n     • If you need a custom transformation specify a \"transform\" option in your config.\n     • If you simply want to mock your non-JS modules (e.g. binary assets) you can stub them out with the \"moduleNameMapper\" config option.\n\n    You'll find more details and examples of these config options in the docs:\n    https://jestjs.io/docs/configuration\n    For information about custom transformations, see:\n    https://jestjs.io/docs/code-transformation\n\n    Details:\n\n    /Users/nissimmenashe/VERSATIL SDLC FW/tests/unit/contracts/contract-validator.test.ts:18\n    import { ContractValidator, validateContract, ValidationResult, ValidationOptions } from '../../../src/agents/contracts/contract-validator.js';\n    ^^^^^^\n\n    SyntaxError: Cannot use import statement outside a module\n\n      at Runtime.createScriptFromCode (node_modules/.pnpm/jest-runtime@29.7.0/node_modules/jest-runtime/build/index.js:1505:14)\n","name":"/Users/nissimmenashe/VERSATIL SDLC FW/tests/unit/contracts/contract-validator.test.ts","startTime":1761752736726,"status":"failed","summary":""}],"wasInterrupted":false,"coverageMap":{}}
