{
  "timestamp": "2025-09-28T23:00:41.415Z",
  "framework": "VERSATIL SDLC Framework",
  "version": "1.2.1",
  "runner": "Enhanced Test Runner",
  "systemInfo": {
    "nodeVersion": "v24.7.0",
    "platform": "darwin",
    "architecture": "arm64",
    "memoryTotal": "16384MB",
    "cpuCount": 8
  },
  "summary": {
    "totalPhases": 7,
    "successfulPhases": 1,
    "totalDuration": 19998,
    "successRate": 14.285714285714285
  },
  "phases": {
    "Script Validation (Phase 1)": {
      "command": "npm run validate:scripts",
      "duration": 603,
      "success": false,
      "error": "Command failed: npm run validate:scripts\nenv: node: Cannot allocate memory\n",
      "output": ",,env: node: Cannot allocate memory\n",
      "startTime": 1759100421419,
      "endTime": 1759100422022
    },
    "Enhanced Maria Integration (Phase 2)": {
      "command": "npm run test:phase2",
      "duration": 2939,
      "success": false,
      "error": "Command failed: npm run test:phase2",
      "output": ",\n> versatil-sdlc-framework@1.2.1 test:phase2\n> node test/run-phase2-tests.cjs\n\n\nâ•”â•â•â•â•â•â•â•â•â•â•â•â•â•â•â•â•â•â•â•â•â•â•â•â•â•â•â•â•â•â•â•â•â•â•â•â•â•â•â•â•â•â•â•â•â•â•â•â•â•â•â•â•â•â•â•â•â•â•â•â•â•â•â•—\nâ•‘            VERSATIL Phase 2 - Test Runner                   â•‘\nâ•‘               Enhanced Maria Test Suite                     â•‘\nâ•šâ•â•â•â•â•â•â•â•â•â•â•â•â•â•â•â•â•â•â•â•â•â•â•â•â•â•â•â•â•â•â•â•â•â•â•â•â•â•â•â•â•â•â•â•â•â•â•â•â•â•â•â•â•â•â•â•â•â•â•â•â•â•â•\n\nRunning 4 test suites...\n\nâ”â”â”â”â”â”â”â”â”â”â”â”â”â”â”â”â”â”â”â”â”â”â”â”â”â”â”â”â”â”â”â”â”â”â”â”â”â”â”â”â”â”â”â”â”â”â”â”â”â”â”â”â”â”â”â”â”â”â”â”\n\nğŸ“‹ Enhanced Maria Unit Tests\nâŒ FAILED\n\n\nâ•”â•â•â•â•â•â•â•â•â•â•â•â•â•â•â•â•â•â•â•â•â•â•â•â•â•â•â•â•â•â•â•â•â•â•â•â•â•â•â•â•â•â•â•â•â•â•â•â•â•â•â•â•â•â•â•â•â•â•â•â•â•â•â•—\nâ•‘         Enhanced Maria - Unit Test Suite                    â•‘\nâ•‘                    Phase 2 Testing                          â•‘\nâ•šâ•â•â•â•â•â•â•â•â•â•â•â•â•â•â•â•â•â•â•â•â•â•â•â•â•â•â•â•â•â•â•â•â•â•â•â•â•â•â•â•â•â•â•â•â•â•â•â•â•â•â•â•â•â•â•â•â•â•â•â•â•â•â•\n\nRunning 10 unit tests...\n\nTest 1: Clean production code gets high score... âœ… PASS\nTest 2: Inline assertions detected correctly... âœ… PASS\nTest 3: Detects missing assertions in test file... âœ… PASS\nTest 4: Detects debug code (console.log)... âœ… PASS\nTest 5: Detects critical debugger statement... âœ… PASS\nTest 6: Multiline tests flagged (known limitation)... âœ… PASS\nTest 7: Quality score calculation - poor code... âœ… PASS\nTest 8: Handoff to Security Sam (security issues)... âœ… PASS\nTest 9: Handoff to Backend (critical issues)... âŒ FAIL\n   Expected validation failed\n   Score: 81\n   Issues: 2\n   Priority: low\nTest 10: Generated prompt structure... âœ… PASS\n\nâ”â”â”â”â”â”â”â”â”â”â”â”â”â”â”â”â”â”â”â”â”â”â”â”â”â”â”â”â”â”â”â”â”â”â”â”â”â”â”â”â”â”â”â”â”â”â”â”â”â”â”â”â”â”â”â”â”â”â”â”\n\nTest Results:\n  âœ… Passed: 9/10\n  âŒ Failed: 1/10\n  Success Rate: 90.0%\n\nFailed Tests:\n\n   âŒ Test 9: Handoff to Backend (critical issues)\n\nâ”â”â”â”â”â”â”â”â”â”â”â”â”â”â”â”â”â”â”â”â”â”â”â”â”â”â”â”â”â”â”â”â”â”â”â”â”â”â”â”â”â”â”â”â”â”â”â”â”â”â”â”â”â”â”â”â”â”â”â”\n\nâŒ SOME TESTS FAILED\n\nâš ï¸  Review failed tests before proceeding to Phase 3\n\n\nğŸ“‹ Pattern Analyzer Tests\nâœ… PASSED\n\nğŸ“‹ Integration Tests\nâœ… PASSED\n\nğŸ“‹ IDE Integration Tests\nâœ… PASSED\n\nâ”â”â”â”â”â”â”â”â”â”â”â”â”â”â”â”â”â”â”â”â”â”â”â”â”â”â”â”â”â”â”â”â”â”â”â”â”â”â”â”â”â”â”â”â”â”â”â”â”â”â”â”â”â”â”â”â”â”â”â”\n\nPhase 2 Test Summary:\n\n  Test Suites:  3/4 passed\n  âœ… Passed:    3\n  âŒ Failed:    1\n  â±ï¸  Duration:   1.25s\n\nâ”â”â”â”â”â”â”â”â”â”â”â”â”â”â”â”â”â”â”â”â”â”â”â”â”â”â”â”â”â”â”â”â”â”â”â”â”â”â”â”â”â”â”â”â”â”â”â”â”â”â”â”â”â”â”â”â”â”â”â”\n\nâŒ 1 TEST SUITE(S) FAILED\n\nâš ï¸  Review failures before proceeding\n\n,",
      "startTime": 1759100422124,
      "endTime": 1759100425063
    },
    "End-to-End Integration (Phase 3)": {
      "command": "npm run test:phase3",
      "duration": 7376,
      "success": false,
      "error": "Command failed: npm run test:phase3",
      "output": ",\n> versatil-sdlc-framework@1.2.1 test:phase3\n> node test/run-phase3-tests.cjs\n\n\nâ•”â•â•â•â•â•â•â•â•â•â•â•â•â•â•â•â•â•â•â•â•â•â•â•â•â•â•â•â•â•â•â•â•â•â•â•â•â•â•â•â•â•â•â•â•â•â•â•â•â•â•â•â•â•â•â•â•â•â•â•â•â•â•â•—\nâ•‘            VERSATIL Phase 3 - Test Runner                   â•‘\nâ•‘           Full System Integration Testing                   â•‘\nâ•šâ•â•â•â•â•â•â•â•â•â•â•â•â•â•â•â•â•â•â•â•â•â•â•â•â•â•â•â•â•â•â•â•â•â•â•â•â•â•â•â•â•â•â•â•â•â•â•â•â•â•â•â•â•â•â•â•â•â•â•â•â•â•â•\n\nRunning 1 test suite...\n\nâ”â”â”â”â”â”â”â”â”â”â”â”â”â”â”â”â”â”â”â”â”â”â”â”â”â”â”â”â”â”â”â”â”â”â”â”â”â”â”â”â”â”â”â”â”â”â”â”â”â”â”â”â”â”â”â”â”â”â”â”\n\nğŸ“‹ End-to-End System Tests\nâŒ FAILED\n\n\nâ•”â•â•â•â•â•â•â•â•â•â•â•â•â•â•â•â•â•â•â•â•â•â•â•â•â•â•â•â•â•â•â•â•â•â•â•â•â•â•â•â•â•â•â•â•â•â•â•â•â•â•â•â•â•â•â•â•â•â•â•â•â•â•â•—\nâ•‘            VERSATIL Phase 3 - E2E Test Suite                â•‘\nâ•‘              Full System Integration Testing                â•‘\nâ•šâ•â•â•â•â•â•â•â•â•â•â•â•â•â•â•â•â•â•â•â•â•â•â•â•â•â•â•â•â•â•â•â•â•â•â•â•â•â•â•â•â•â•â•â•â•â•â•â•â•â•â•â•â•â•â•â•â•â•â•â•â•â•â•\n\nğŸ§ª Running End-to-End System Integration Tests...\n\nRunning 5 end-to-end tests...\n\nâ”â”â”â”â”â”â”â”â”â”â”â”â”â”â”â”â”â”â”â”â”â”â”â”â”â”â”â”â”â”â”â”â”â”â”â”â”â”â”â”â”â”â”â”â”â”â”â”â”â”â”â”â”â”â”â”â”â”â”â”\n\nğŸ“‹ Test 1: Script Execution Validation: Verify core npm scripts execute without errors... âŒ FAIL\n   Error: Script execution failed: Command failed: npm run build\nğŸ“‹ Test 2: Agent Registry Loading: Validate all agents load correctly from registry... âœ… PASS\nğŸ“‹ Test 3: Pattern Analysis End-to-End: Test complete pattern detection workflow... âœ… PASS\nğŸ“‹ Test 4: Prompt Generation Validation: Verify IDE-ready prompt generation... âœ… PASS\nğŸ“‹ Test 5: Agent Handoff Mechanisms: Test agent coordination and next step recommendations... âœ… PASS\n\nâ”â”â”â”â”â”â”â”â”â”â”â”â”â”â”â”â”â”â”â”â”â”â”â”â”â”â”â”â”â”â”â”â”â”â”â”â”â”â”â”â”â”â”â”â”â”â”â”â”â”â”â”â”â”â”â”â”â”â”â”\n\nPhase 3 E2E Test Summary:\n\n  Test Cases:   4/5 passed\n  âœ… Passed:    4\n  âŒ Failed:    1\n  â±ï¸  Duration:   5.75s\n\nâ”â”â”â”â”â”â”â”â”â”â”â”â”â”â”â”â”â”â”â”â”â”â”â”â”â”â”â”â”â”â”â”â”â”â”â”â”â”â”â”â”â”â”â”â”â”â”â”â”â”â”â”â”â”â”â”â”â”â”â”\n\nâŒ 1 E2E TEST(S) FAILED\n\nâš ï¸  Review failures before production deployment\n\n\nâ”â”â”â”â”â”â”â”â”â”â”â”â”â”â”â”â”â”â”â”â”â”â”â”â”â”â”â”â”â”â”â”â”â”â”â”â”â”â”â”â”â”â”â”â”â”â”â”â”â”â”â”â”â”â”â”â”â”â”â”\n\nPhase 3 Test Summary:\n\n  Test Suites:  0/1 passed\n  âœ… Passed:    0\n  âŒ Failed:    1\n  â±ï¸  Duration:   5.99s\n\nâ”â”â”â”â”â”â”â”â”â”â”â”â”â”â”â”â”â”â”â”â”â”â”â”â”â”â”â”â”â”â”â”â”â”â”â”â”â”â”â”â”â”â”â”â”â”â”â”â”â”â”â”â”â”â”â”â”â”â”â”\n\nâŒ 1 TEST SUITE(S) FAILED\n\nâš ï¸  Review failures before production deployment\n\n,",
      "startTime": 1759100425164,
      "endTime": 1759100432540
    },
    "Jest Unit Tests": {
      "command": "npm run test:unit",
      "duration": 2320,
      "success": false,
      "error": "Command failed: npm run test:unit\nError: Can't find a root directory while resolving a config file path.\nProvided path to resolve: ./jest-unit.config.js\ncwd: /Users/nissimmenashe/VERSATIL SDLC FW\n    at resolveConfigPath (/Users/nissimmenashe/VERSATIL SDLC FW/node_modules/jest-config/build/resolveConfigPath.js:123:11)\n    at readInitialOptions (/Users/nissimmenashe/VERSATIL SDLC FW/node_modules/jest-config/build/index.js:397:53)\n    at readConfig (/Users/nissimmenashe/VERSATIL SDLC FW/node_modules/jest-config/build/index.js:147:54)\n    at /Users/nissimmenashe/VERSATIL SDLC FW/node_modules/jest-config/build/index.js:463:18\n    at Array.map (<anonymous>)\n    at readConfigs (/Users/nissimmenashe/VERSATIL SDLC FW/node_modules/jest-config/build/index.js:457:10)\n    at async runCLI (/Users/nissimmenashe/VERSATIL SDLC FW/node_modules/@jest/core/build/cli/index.js:151:59)\n    at async Object.run (/Users/nissimmenashe/VERSATIL SDLC FW/node_modules/jest-cli/build/run.js:130:37)\n",
      "output": ",\n> versatil-sdlc-framework@1.2.1 test:unit\n> jest --selectProjects unit\n\n,Error: Can't find a root directory while resolving a config file path.\nProvided path to resolve: ./jest-unit.config.js\ncwd: /Users/nissimmenashe/VERSATIL SDLC FW\n    at resolveConfigPath (/Users/nissimmenashe/VERSATIL SDLC FW/node_modules/jest-config/build/resolveConfigPath.js:123:11)\n    at readInitialOptions (/Users/nissimmenashe/VERSATIL SDLC FW/node_modules/jest-config/build/index.js:397:53)\n    at readConfig (/Users/nissimmenashe/VERSATIL SDLC FW/node_modules/jest-config/build/index.js:147:54)\n    at /Users/nissimmenashe/VERSATIL SDLC FW/node_modules/jest-config/build/index.js:463:18\n    at Array.map (<anonymous>)\n    at readConfigs (/Users/nissimmenashe/VERSATIL SDLC FW/node_modules/jest-config/build/index.js:457:10)\n    at async runCLI (/Users/nissimmenashe/VERSATIL SDLC FW/node_modules/@jest/core/build/cli/index.js:151:59)\n    at async Object.run (/Users/nissimmenashe/VERSATIL SDLC FW/node_modules/jest-cli/build/run.js:130:37)\n",
      "startTime": 1759100432642,
      "endTime": 1759100434962
    },
    "Jest Integration Tests": {
      "command": "npm run test:integration",
      "duration": 1656,
      "success": false,
      "error": "Command failed: npm run test:integration\nError: Can't find a root directory while resolving a config file path.\nProvided path to resolve: ./jest-unit.config.js\ncwd: /Users/nissimmenashe/VERSATIL SDLC FW\n    at resolveConfigPath (/Users/nissimmenashe/VERSATIL SDLC FW/node_modules/jest-config/build/resolveConfigPath.js:123:11)\n    at readInitialOptions (/Users/nissimmenashe/VERSATIL SDLC FW/node_modules/jest-config/build/index.js:397:53)\n    at readConfig (/Users/nissimmenashe/VERSATIL SDLC FW/node_modules/jest-config/build/index.js:147:54)\n    at /Users/nissimmenashe/VERSATIL SDLC FW/node_modules/jest-config/build/index.js:463:18\n    at Array.map (<anonymous>)\n    at readConfigs (/Users/nissimmenashe/VERSATIL SDLC FW/node_modules/jest-config/build/index.js:457:10)\n    at async runCLI (/Users/nissimmenashe/VERSATIL SDLC FW/node_modules/@jest/core/build/cli/index.js:151:59)\n    at async Object.run (/Users/nissimmenashe/VERSATIL SDLC FW/node_modules/jest-cli/build/run.js:130:37)\n",
      "output": ",\n> versatil-sdlc-framework@1.2.1 test:integration\n> jest --selectProjects integration\n\n,Error: Can't find a root directory while resolving a config file path.\nProvided path to resolve: ./jest-unit.config.js\ncwd: /Users/nissimmenashe/VERSATIL SDLC FW\n    at resolveConfigPath (/Users/nissimmenashe/VERSATIL SDLC FW/node_modules/jest-config/build/resolveConfigPath.js:123:11)\n    at readInitialOptions (/Users/nissimmenashe/VERSATIL SDLC FW/node_modules/jest-config/build/index.js:397:53)\n    at readConfig (/Users/nissimmenashe/VERSATIL SDLC FW/node_modules/jest-config/build/index.js:147:54)\n    at /Users/nissimmenashe/VERSATIL SDLC FW/node_modules/jest-config/build/index.js:463:18\n    at Array.map (<anonymous>)\n    at readConfigs (/Users/nissimmenashe/VERSATIL SDLC FW/node_modules/jest-config/build/index.js:457:10)\n    at async runCLI (/Users/nissimmenashe/VERSATIL SDLC FW/node_modules/@jest/core/build/cli/index.js:151:59)\n    at async Object.run (/Users/nissimmenashe/VERSATIL SDLC FW/node_modules/jest-cli/build/run.js:130:37)\n",
      "startTime": 1759100435064,
      "endTime": 1759100436720
    },
    "Demo Scenarios": {
      "command": "node tests/run-all-tests.js",
      "duration": 289,
      "success": true,
      "output": "Loading test modules...\n\u001bc\nâ•”â•â•â•â•â•â•â•â•â•â•â•â•â•â•â•â•â•â•â•â•â•â•â•â•â•â•â•â•â•â•â•â•â•â•â•â•â•â•â•â•â•â•â•â•â•â•â•â•â•â•â•â•â•â•â•â•â•â•â•â•â•â•â•â•â•â•â•â•â•â•â•â•â•â•â•â•â•â•â•â•—\nâ•‘                                                                               â•‘\nâ•‘        â–ˆâ–ˆâ•—   â–ˆâ–ˆâ•—â–ˆâ–ˆâ–ˆâ–ˆâ–ˆâ–ˆâ–ˆâ•—â–ˆâ–ˆâ–ˆâ–ˆâ–ˆâ–ˆâ•— â–ˆâ–ˆâ–ˆâ–ˆâ–ˆâ–ˆâ–ˆâ•— â–ˆâ–ˆâ–ˆâ–ˆâ–ˆâ•— â–ˆâ–ˆâ–ˆâ–ˆâ–ˆâ–ˆâ–ˆâ–ˆâ•—â–ˆâ–ˆâ•—â–ˆâ–ˆâ•—            â•‘\nâ•‘        â–ˆâ–ˆâ•‘   â–ˆâ–ˆâ•‘â–ˆâ–ˆâ•”â•â•â•â•â•â–ˆâ–ˆâ•”â•â•â–ˆâ–ˆâ•—â–ˆâ–ˆâ•”â•â•â•â•â•â–ˆâ–ˆâ•”â•â•â–ˆâ–ˆâ•—â•šâ•â•â–ˆâ–ˆâ•”â•â•â•â–ˆâ–ˆâ•‘â–ˆâ–ˆâ•‘            â•‘\nâ•‘        â–ˆâ–ˆâ•‘   â–ˆâ–ˆâ•‘â–ˆâ–ˆâ–ˆâ–ˆâ–ˆâ•—  â–ˆâ–ˆâ–ˆâ–ˆâ–ˆâ–ˆâ•”â•â–ˆâ–ˆâ–ˆâ–ˆâ–ˆâ–ˆâ–ˆâ•—â–ˆâ–ˆâ–ˆâ–ˆâ–ˆâ–ˆâ–ˆâ•‘   â–ˆâ–ˆâ•‘   â–ˆâ–ˆâ•‘â–ˆâ–ˆâ•‘            â•‘\nâ•‘        â•šâ–ˆâ–ˆâ•— â–ˆâ–ˆâ•”â•â–ˆâ–ˆâ•”â•â•â•  â–ˆâ–ˆâ•”â•â•â–ˆâ–ˆâ•—â•šâ•â•â•â•â–ˆâ–ˆâ•‘â–ˆâ–ˆâ•”â•â•â–ˆâ–ˆâ•‘   â–ˆâ–ˆâ•‘   â–ˆâ–ˆâ•‘â–ˆâ–ˆâ•‘            â•‘\nâ•‘         â•šâ–ˆâ–ˆâ–ˆâ–ˆâ•”â• â–ˆâ–ˆâ–ˆâ–ˆâ–ˆâ–ˆâ–ˆâ•—â–ˆâ–ˆâ•‘  â–ˆâ–ˆâ•‘â–ˆâ–ˆâ–ˆâ–ˆâ–ˆâ–ˆâ–ˆâ•‘â–ˆâ–ˆâ•‘  â–ˆâ–ˆâ•‘   â–ˆâ–ˆâ•‘   â–ˆâ–ˆâ•‘â–ˆâ–ˆâ–ˆâ–ˆâ–ˆâ–ˆâ–ˆâ•—       â•‘\nâ•‘          â•šâ•â•â•â•  â•šâ•â•â•â•â•â•â•â•šâ•â•  â•šâ•â•â•šâ•â•â•â•â•â•â•â•šâ•â•  â•šâ•â•   â•šâ•â•   â•šâ•â•â•šâ•â•â•â•â•â•â•       â•‘\nâ•‘                                                                               â•‘\nâ•‘                            SDLC Framework v1.2.0                              â•‘\nâ•‘                                                                               â•‘\nâ•‘                     ğŸ§  RAG Memory  ğŸ¤– Opera  ğŸš€ Autonomous                   â•‘\nâ•‘                                                                               â•‘\nâ•šâ•â•â•â•â•â•â•â•â•â•â•â•â•â•â•â•â•â•â•â•â•â•â•â•â•â•â•â•â•â•â•â•â•â•â•â•â•â•â•â•â•â•â•â•â•â•â•â•â•â•â•â•â•â•â•â•â•â•â•â•â•â•â•â•â•â•â•â•â•â•â•â•â•â•â•â•â•â•â•â•\n\n                    Welcome to the Interactive Test Suite!\n                    \n    This comprehensive test suite will demonstrate the revolutionary\n    capabilities of VERSATIL's autonomous development framework.\n    \n    You'll witness:\n    â€¢ AI agents that learn and improve with every interaction\n    â€¢ Fully autonomous project execution from goals to deployment\n    â€¢ Self-healing systems that recover from any failure\n    â€¢ Pattern recognition that prevents issues before they occur\n    \n    Ready to explore the future of software development?\n\n\n    Press Enter to begin your journey...",
      "startTime": 1759100436821,
      "endTime": 1759100437110
    },
    "TypeScript Build": {
      "command": "npm run build",
      "duration": 4102,
      "success": false,
      "error": "Command failed: npm run build",
      "output": ",\n> versatil-sdlc-framework@1.2.1 build\n> tsc\n\nsrc/isolation/multi-project-manager.ts(48,5): error TS1131: Property or signature expected.\nsrc/isolation/multi-project-manager.ts(48,24): error TS1011: An element access expression should take an argument.\nsrc/isolation/multi-project-manager.ts(49,3): error TS1128: Declaration or statement expected.\nsrc/isolation/multi-project-manager.ts(50,1): error TS1128: Declaration or statement expected.\nsrc/isolation/multi-project-manager.ts(81,3): error TS1131: Property or signature expected.\nsrc/isolation/multi-project-manager.ts(82,1): error TS1128: Declaration or statement expected.\n,",
      "startTime": 1759100437211,
      "endTime": 1759100441313
    }
  }
}