{
  "timestamp": "2025-09-28T23:26:41.368Z",
  "totalTests": 12,
  "passedTests": 4,
  "failedTests": 8,
  "testSuites": {
    "Build System Stability": {
      "name": "Build System Stability",
      "startTime": 1759102001369,
      "tests": [
        {
          "name": "Clean Build",
          "status": "FAILED",
          "duration": 2229,
          "error": "Command failed: npm run build"
        },
        {
          "name": "Incremental Build",
          "status": "FAILED",
          "duration": 4220,
          "error": "Command failed: npm run build"
        },
        {
          "name": "Build Artifacts Validation",
          "status": "FAILED",
          "duration": 0,
          "error": "Missing build artifacts: dist/mcp-server.js"
        }
      ],
      "passed": 0,
      "failed": 3,
      "errors": [],
      "warnings": [],
      "duration": 6449
    },
    "MCP Server Stability": {
      "name": "MCP Server Stability",
      "startTime": 1759102007818,
      "tests": [
        {
          "name": "MCP Server Startup",
          "status": "FAILED",
          "duration": 60004,
          "error": "Server startup timeout (60s)"
        },
        {
          "name": "MCP Tools Availability",
          "status": "FAILED",
          "duration": 30002,
          "error": "MCP tools test timeout"
        }
      ],
      "passed": 0,
      "failed": 2,
      "errors": [],
      "warnings": [],
      "duration": 90008
    },
    "Agent System Stability": {
      "name": "Agent System Stability",
      "startTime": 1759102097826,
      "tests": [
        {
          "name": "Agent Registry Loading",
          "status": "PASSED",
          "duration": 0,
          "result": "All 6 agents available"
        },
        {
          "name": "Agent Dispatcher",
          "status": "PASSED",
          "duration": 0,
          "result": "Agent dispatcher available"
        }
      ],
      "passed": 2,
      "failed": 0,
      "errors": [],
      "warnings": [],
      "duration": 0
    },
    "ES Module Stability": {
      "name": "ES Module Stability",
      "startTime": 1759102097826,
      "tests": [
        {
          "name": "Import Resolution",
          "status": "FAILED",
          "duration": 11,
          "error": "ES module import issues found: dist/adaptive-agent-creator.js: import { VERSATILAgentDispatcher } from './agent-dispatcher', dist/agents/introspective/enhanced-introspective-agent.js: import { BaseAgent } from '../base-agent', dist/agents/introspective/enhanced-introspective-agent.js: import { vectorMemoryStore } from '../../rag/vector-memory-store', dist/agents/introspective/enhanced-introspective-agent.js: import { environmentScanner } from '../../environment/environment-scanner', dist/agents/introspective/full-context-introspective-agent.js: import { BaseAgent } from '../base-agent' (and 3 more)"
        }
      ],
      "passed": 0,
      "failed": 1,
      "errors": [],
      "warnings": [],
      "duration": 11
    },
    "TypeScript Compilation": {
      "name": "TypeScript Compilation",
      "startTime": 1759102097837,
      "tests": [
        {
          "name": "TypeScript Type Check",
          "status": "FAILED",
          "duration": 917,
          "error": "TypeScript compilation has 6 errors"
        }
      ],
      "passed": 0,
      "failed": 1,
      "errors": [],
      "warnings": [],
      "duration": 917
    },
    "File System Operations": {
      "name": "File System Operations",
      "startTime": 1759102098754,
      "tests": [
        {
          "name": "Directory Operations",
          "status": "PASSED",
          "duration": 1,
          "result": "File system operations working"
        }
      ],
      "passed": 1,
      "failed": 0,
      "errors": [],
      "warnings": [],
      "duration": 1
    },
    "Performance Benchmarks": {
      "name": "Performance Benchmarks",
      "startTime": 1759102098755,
      "tests": [
        {
          "name": "Build Performance",
          "status": "FAILED",
          "duration": 2063,
          "error": "Command failed: npm run build"
        }
      ],
      "passed": 0,
      "failed": 1,
      "errors": [],
      "warnings": [],
      "duration": 2063
    },
    "Integration Tests": {
      "name": "Integration Tests",
      "startTime": 1759102100818,
      "tests": [
        {
          "name": "E2E Framework Integration",
          "status": "PASSED",
          "duration": 0,
          "result": "Basic integration check passed"
        }
      ],
      "passed": 1,
      "failed": 0,
      "errors": [],
      "warnings": [],
      "duration": 0
    }
  },
  "errors": [],
  "warnings": [],
  "performance": {}
}